/docker/home/scripts/test_100_epochs.sh
[2023-05-31 10:31:20] [marian] Marian v1.11.0 f00d062 2022-02-08 08:39:24 -0800
[2023-05-31 10:31:20] [marian] Running on node07.datos.cluster.uy as process 32858 with command line:
[2023-05-31 10:31:20] [marian] /marian/build/marian --train-sets /docker/home/marianmt/artifacts/data/train/train_gn.txt.gn /docker/home/marianmt/artifacts/data/train/train_es.txt.es --model /docker/home/marianmt/artifacts/models/model_checkpoint_100/checkpoint_100.npz --after-epochs 20 --save-freq 500000 --vocabs /docker/home/marianmt/artifacts/data/vocabulary/gn_unique_tokens.txt.gn /docker/home/marianmt/artifacts/data/vocabulary/es_unique_tokens.txt.es --seed 1234 --cpu-threads 0 --log /docker/home/marianmt/logs/marian/split_model_checkpoint_100.log --valid-log /docker/home/marianmt/logs/marian/split_tokenizer_dev_200_checkpoint_100.log --valid-sets /docker/home/marianmt/artifacts/data/validation/valid_gn.txt.gn /docker/home/marianmt/artifacts/data/validation/valid_es.txt.es --valid-metrics bleu chrf cross-entropy perplexity --valid-script-path /docker/home/marianmt/scripts/validate.sh
[2023-05-31 10:31:20] [config] after: 0e
[2023-05-31 10:31:20] [config] after-batches: 0
[2023-05-31 10:31:20] [config] after-epochs: 20
[2023-05-31 10:31:20] [config] all-caps-every: 0
[2023-05-31 10:31:20] [config] allow-unk: false
[2023-05-31 10:31:20] [config] authors: false
[2023-05-31 10:31:20] [config] beam-size: 12
[2023-05-31 10:31:20] [config] bert-class-symbol: "[CLS]"
[2023-05-31 10:31:20] [config] bert-mask-symbol: "[MASK]"
[2023-05-31 10:31:20] [config] bert-masking-fraction: 0.15
[2023-05-31 10:31:20] [config] bert-sep-symbol: "[SEP]"
[2023-05-31 10:31:20] [config] bert-train-type-embeddings: true
[2023-05-31 10:31:20] [config] bert-type-vocab-size: 2
[2023-05-31 10:31:20] [config] build-info: ""
[2023-05-31 10:31:20] [config] check-gradient-nan: false
[2023-05-31 10:31:20] [config] check-nan: false
[2023-05-31 10:31:20] [config] cite: false
[2023-05-31 10:31:20] [config] clip-norm: 1
[2023-05-31 10:31:20] [config] cost-scaling:
[2023-05-31 10:31:20] [config]   []
[2023-05-31 10:31:20] [config] cost-type: ce-sum
[2023-05-31 10:31:20] [config] cpu-threads: 0
[2023-05-31 10:31:20] [config] data-threads: 8
[2023-05-31 10:31:20] [config] data-weighting: ""
[2023-05-31 10:31:20] [config] data-weighting-type: sentence
[2023-05-31 10:31:20] [config] dec-cell: gru
[2023-05-31 10:31:20] [config] dec-cell-base-depth: 2
[2023-05-31 10:31:20] [config] dec-cell-high-depth: 1
[2023-05-31 10:31:20] [config] dec-depth: 1
[2023-05-31 10:31:20] [config] devices:
[2023-05-31 10:31:20] [config]   - 0
[2023-05-31 10:31:20] [config] dim-emb: 512
[2023-05-31 10:31:20] [config] dim-rnn: 1024
[2023-05-31 10:31:20] [config] dim-vocabs:
[2023-05-31 10:31:20] [config]   - 0
[2023-05-31 10:31:20] [config]   - 0
[2023-05-31 10:31:20] [config] disp-first: 0
[2023-05-31 10:31:20] [config] disp-freq: 1000u
[2023-05-31 10:31:20] [config] disp-label-counts: true
[2023-05-31 10:31:20] [config] dropout-rnn: 0
[2023-05-31 10:31:20] [config] dropout-src: 0
[2023-05-31 10:31:20] [config] dropout-trg: 0
[2023-05-31 10:31:20] [config] dump-config: ""
[2023-05-31 10:31:20] [config] dynamic-gradient-scaling:
[2023-05-31 10:31:20] [config]   []
[2023-05-31 10:31:20] [config] early-stopping: 10
[2023-05-31 10:31:20] [config] early-stopping-on: first
[2023-05-31 10:31:20] [config] embedding-fix-src: false
[2023-05-31 10:31:20] [config] embedding-fix-trg: false
[2023-05-31 10:31:20] [config] embedding-normalization: false
[2023-05-31 10:31:20] [config] embedding-vectors:
[2023-05-31 10:31:20] [config]   []
[2023-05-31 10:31:20] [config] enc-cell: gru
[2023-05-31 10:31:20] [config] enc-cell-depth: 1
[2023-05-31 10:31:20] [config] enc-depth: 1
[2023-05-31 10:31:20] [config] enc-type: bidirectional
[2023-05-31 10:31:20] [config] english-title-case-every: 0
[2023-05-31 10:31:20] [config] exponential-smoothing: 0
[2023-05-31 10:31:20] [config] factor-weight: 1
[2023-05-31 10:31:20] [config] factors-combine: sum
[2023-05-31 10:31:20] [config] factors-dim-emb: 0
[2023-05-31 10:31:20] [config] gradient-checkpointing: false
[2023-05-31 10:31:20] [config] gradient-norm-average-window: 100
[2023-05-31 10:31:20] [config] guided-alignment: none
[2023-05-31 10:31:20] [config] guided-alignment-cost: mse
[2023-05-31 10:31:20] [config] guided-alignment-weight: 0.1
[2023-05-31 10:31:20] [config] ignore-model-config: false
[2023-05-31 10:31:20] [config] input-types:
[2023-05-31 10:31:20] [config]   []
[2023-05-31 10:31:20] [config] interpolate-env-vars: false
[2023-05-31 10:31:20] [config] keep-best: false
[2023-05-31 10:31:20] [config] label-smoothing: 0
[2023-05-31 10:31:20] [config] layer-normalization: false
[2023-05-31 10:31:20] [config] learn-rate: 0.0001
[2023-05-31 10:31:20] [config] lemma-dependency: ""
[2023-05-31 10:31:20] [config] lemma-dim-emb: 0
[2023-05-31 10:31:20] [config] log: /docker/home/marianmt/logs/marian/split_model_checkpoint_100.log
[2023-05-31 10:31:20] [config] log-level: info
[2023-05-31 10:31:20] [config] log-time-zone: ""
[2023-05-31 10:31:20] [config] logical-epoch:
[2023-05-31 10:31:20] [config]   - 1e
[2023-05-31 10:31:20] [config]   - 0
[2023-05-31 10:31:20] [config] lr-decay: 0
[2023-05-31 10:31:20] [config] lr-decay-freq: 50000
[2023-05-31 10:31:20] [config] lr-decay-inv-sqrt:
[2023-05-31 10:31:20] [config]   - 0
[2023-05-31 10:31:20] [config] lr-decay-repeat-warmup: false
[2023-05-31 10:31:20] [config] lr-decay-reset-optimizer: false
[2023-05-31 10:31:20] [config] lr-decay-start:
[2023-05-31 10:31:20] [config]   - 10
[2023-05-31 10:31:20] [config]   - 1
[2023-05-31 10:31:20] [config] lr-decay-strategy: epoch+stalled
[2023-05-31 10:31:20] [config] lr-report: false
[2023-05-31 10:31:20] [config] lr-warmup: 0
[2023-05-31 10:31:20] [config] lr-warmup-at-reload: false
[2023-05-31 10:31:20] [config] lr-warmup-cycle: false
[2023-05-31 10:31:20] [config] lr-warmup-start-rate: 0
[2023-05-31 10:31:20] [config] max-length: 50
[2023-05-31 10:31:20] [config] max-length-crop: false
[2023-05-31 10:31:20] [config] max-length-factor: 3
[2023-05-31 10:31:20] [config] maxi-batch: 100
[2023-05-31 10:31:20] [config] maxi-batch-sort: trg
[2023-05-31 10:31:20] [config] mini-batch: 64
[2023-05-31 10:31:20] [config] mini-batch-fit: false
[2023-05-31 10:31:20] [config] mini-batch-fit-step: 10
[2023-05-31 10:31:20] [config] mini-batch-round-up: true
[2023-05-31 10:31:20] [config] mini-batch-track-lr: false
[2023-05-31 10:31:20] [config] mini-batch-warmup: 0
[2023-05-31 10:31:20] [config] mini-batch-words: 0
[2023-05-31 10:31:20] [config] mini-batch-words-ref: 0
[2023-05-31 10:31:20] [config] model: /docker/home/marianmt/artifacts/models/model_checkpoint_100/checkpoint_100.npz
[2023-05-31 10:31:20] [config] multi-loss-type: sum
[2023-05-31 10:31:20] [config] n-best: false
[2023-05-31 10:31:20] [config] no-nccl: false
[2023-05-31 10:31:20] [config] no-reload: false
[2023-05-31 10:31:20] [config] no-restore-corpus: false
[2023-05-31 10:31:20] [config] normalize: 0
[2023-05-31 10:31:20] [config] normalize-gradient: false
[2023-05-31 10:31:20] [config] num-devices: 0
[2023-05-31 10:31:20] [config] optimizer: adam
[2023-05-31 10:31:20] [config] optimizer-delay: 1
[2023-05-31 10:31:20] [config] optimizer-params:
[2023-05-31 10:31:20] [config]   []
[2023-05-31 10:31:20] [config] output-omit-bias: false
[2023-05-31 10:31:20] [config] overwrite: false
[2023-05-31 10:31:20] [config] precision:
[2023-05-31 10:31:20] [config]   - float32
[2023-05-31 10:31:20] [config]   - float32
[2023-05-31 10:31:20] [config] pretrained-model: ""
[2023-05-31 10:31:20] [config] quantize-biases: false
[2023-05-31 10:31:20] [config] quantize-bits: 0
[2023-05-31 10:31:20] [config] quantize-log-based: false
[2023-05-31 10:31:20] [config] quantize-optimization-steps: 0
[2023-05-31 10:31:20] [config] quiet: false
[2023-05-31 10:31:20] [config] quiet-translation: false
[2023-05-31 10:31:20] [config] relative-paths: false
[2023-05-31 10:31:20] [config] right-left: false
[2023-05-31 10:31:20] [config] save-freq: 500000
[2023-05-31 10:31:20] [config] seed: 1234
[2023-05-31 10:31:20] [config] sentencepiece-alphas:
[2023-05-31 10:31:20] [config]   []
[2023-05-31 10:31:20] [config] sentencepiece-max-lines: 2000000
[2023-05-31 10:31:20] [config] sentencepiece-options: ""
[2023-05-31 10:31:20] [config] sharding: global
[2023-05-31 10:31:20] [config] shuffle: data
[2023-05-31 10:31:20] [config] shuffle-in-ram: false
[2023-05-31 10:31:20] [config] sigterm: save-and-exit
[2023-05-31 10:31:20] [config] skip: false
[2023-05-31 10:31:20] [config] sqlite: ""
[2023-05-31 10:31:20] [config] sqlite-drop: false
[2023-05-31 10:31:20] [config] sync-freq: 200u
[2023-05-31 10:31:20] [config] sync-sgd: false
[2023-05-31 10:31:20] [config] tempdir: /tmp
[2023-05-31 10:31:20] [config] tied-embeddings: false
[2023-05-31 10:31:20] [config] tied-embeddings-all: false
[2023-05-31 10:31:20] [config] tied-embeddings-src: false
[2023-05-31 10:31:20] [config] train-embedder-rank:
[2023-05-31 10:31:20] [config]   []
[2023-05-31 10:31:20] [config] train-sets:
[2023-05-31 10:31:20] [config]   - /docker/home/marianmt/artifacts/data/train/train_gn.txt.gn
[2023-05-31 10:31:20] [config]   - /docker/home/marianmt/artifacts/data/train/train_es.txt.es
[2023-05-31 10:31:20] [config] transformer-aan-activation: swish
[2023-05-31 10:31:20] [config] transformer-aan-depth: 2
[2023-05-31 10:31:20] [config] transformer-aan-nogate: false
[2023-05-31 10:31:20] [config] transformer-decoder-autoreg: self-attention
[2023-05-31 10:31:20] [config] transformer-decoder-dim-ffn: 0
[2023-05-31 10:31:20] [config] transformer-decoder-ffn-depth: 0
[2023-05-31 10:31:20] [config] transformer-depth-scaling: false
[2023-05-31 10:31:20] [config] transformer-dim-aan: 2048
[2023-05-31 10:31:20] [config] transformer-dim-ffn: 2048
[2023-05-31 10:31:20] [config] transformer-dropout: 0
[2023-05-31 10:31:20] [config] transformer-dropout-attention: 0
[2023-05-31 10:31:20] [config] transformer-dropout-ffn: 0
[2023-05-31 10:31:20] [config] transformer-ffn-activation: swish
[2023-05-31 10:31:20] [config] transformer-ffn-depth: 2
[2023-05-31 10:31:20] [config] transformer-guided-alignment-layer: last
[2023-05-31 10:31:20] [config] transformer-heads: 8
[2023-05-31 10:31:20] [config] transformer-no-projection: false
[2023-05-31 10:31:20] [config] transformer-pool: false
[2023-05-31 10:31:20] [config] transformer-postprocess: dan
[2023-05-31 10:31:20] [config] transformer-postprocess-emb: d
[2023-05-31 10:31:20] [config] transformer-postprocess-top: ""
[2023-05-31 10:31:20] [config] transformer-preprocess: ""
[2023-05-31 10:31:20] [config] transformer-tied-layers:
[2023-05-31 10:31:20] [config]   []
[2023-05-31 10:31:20] [config] transformer-train-position-embeddings: false
[2023-05-31 10:31:20] [config] tsv: false
[2023-05-31 10:31:20] [config] tsv-fields: 0
[2023-05-31 10:31:20] [config] type: amun
[2023-05-31 10:31:20] [config] ulr: false
[2023-05-31 10:31:20] [config] ulr-dim-emb: 0
[2023-05-31 10:31:20] [config] ulr-dropout: 0
[2023-05-31 10:31:20] [config] ulr-keys-vectors: ""
[2023-05-31 10:31:20] [config] ulr-query-vectors: ""
[2023-05-31 10:31:20] [config] ulr-softmax-temperature: 1
[2023-05-31 10:31:20] [config] ulr-trainable-transformation: false
[2023-05-31 10:31:20] [config] unlikelihood-loss: false
[2023-05-31 10:31:20] [config] valid-freq: 10000u
[2023-05-31 10:31:20] [config] valid-log: /docker/home/marianmt/logs/marian/split_tokenizer_dev_200_checkpoint_100.log
[2023-05-31 10:31:20] [config] valid-max-length: 1000
[2023-05-31 10:31:20] [config] valid-metrics:
[2023-05-31 10:31:20] [config]   - bleu
[2023-05-31 10:31:20] [config]   - chrf
[2023-05-31 10:31:20] [config]   - cross-entropy
[2023-05-31 10:31:20] [config]   - perplexity
[2023-05-31 10:31:20] [config] valid-mini-batch: 32
[2023-05-31 10:31:20] [config] valid-reset-stalled: false
[2023-05-31 10:31:20] [config] valid-script-args:
[2023-05-31 10:31:20] [config]   []
[2023-05-31 10:31:20] [config] valid-script-path: /docker/home/marianmt/scripts/validate.sh
[2023-05-31 10:31:20] [config] valid-sets:
[2023-05-31 10:31:20] [config]   - /docker/home/marianmt/artifacts/data/validation/valid_gn.txt.gn
[2023-05-31 10:31:20] [config]   - /docker/home/marianmt/artifacts/data/validation/valid_es.txt.es
[2023-05-31 10:31:20] [config] valid-translation-output: ""
[2023-05-31 10:31:20] [config] vocabs:
[2023-05-31 10:31:20] [config]   - /docker/home/marianmt/artifacts/data/vocabulary/gn_unique_tokens.txt.gn
[2023-05-31 10:31:20] [config]   - /docker/home/marianmt/artifacts/data/vocabulary/es_unique_tokens.txt.es
[2023-05-31 10:31:20] [config] word-penalty: 0
[2023-05-31 10:31:20] [config] word-scores: false
[2023-05-31 10:31:20] [config] workspace: 2048
[2023-05-31 10:31:20] [config] Model is being created with Marian v1.11.0 f00d062 2022-02-08 08:39:24 -0800
[2023-05-31 10:31:20] [MPI rank 0 out of 1]: GPU[0]
[2023-05-31 10:31:20] [training] Using single-device training
[2023-05-31 10:31:21] Synced seed 1234
[2023-05-31 10:31:21] [data] Loading vocabulary from text file /docker/home/marianmt/artifacts/data/vocabulary/gn_unique_tokens.txt.gn
[2023-05-31 10:31:21] [data] Setting vocabulary size for input 0 to 47,784
[2023-05-31 10:31:21] [data] Loading vocabulary from text file /docker/home/marianmt/artifacts/data/vocabulary/es_unique_tokens.txt.es
[2023-05-31 10:31:21] [data] Setting vocabulary size for input 1 to 35,201
[2023-05-31 10:31:21] [MPI rank 0 out of 1]: GPU[0]
[2023-05-31 10:31:22] [memory] Extending reserved space to 2048 MB (device gpu0)
[2023-05-31 10:31:23] [comm] Using NCCL 2.8.3 for GPU communication
[2023-05-31 10:31:23] [comm] Using global sharding
[2023-05-31 10:31:23] [comm] NCCLCommunicators constructed successfully
[2023-05-31 10:31:23] [training] Using 1 GPUs
[2023-05-31 10:31:23] Training started
[2023-05-31 10:31:23] [data] Shuffling data
[2023-05-31 10:31:23] [data] Done reading 20,192 sentences
[2023-05-31 10:31:23] [data] Done shuffling 20,192 sentences to temp files
[2023-05-31 10:31:23] [training] Batches are processed as 1 process(es) x 1 devices/process
[2023-05-31 10:31:23] [logits] Applying loss function for 1 factor(s)
[2023-05-31 10:31:23] [memory] Reserving 360 MB, device gpu0
[2023-05-31 10:31:26] [gpu] 16-bit TensorCores enabled for float32 matrix operations
[2023-05-31 10:31:26] [memory] Reserving 360 MB, device gpu0
[2023-05-31 10:31:26] Parameter type float32, optimization type float32, casting types false
[2023-05-31 10:31:26] Allocating memory for Adam-specific shards
[2023-05-31 10:31:26] [memory] Reserving 720 MB, device gpu0
[2023-05-31 10:32:04] Seen 18,843 samples
[2023-05-31 10:32:04] Starting data epoch 2 in logical epoch 2
[2023-05-31 10:32:04] [data] Shuffling data
[2023-05-31 10:32:04] [data] Done reading 20,192 sentences
[2023-05-31 10:32:04] [data] Done shuffling 20,192 sentences to temp files
[2023-05-31 10:32:43] Seen 18,843 samples
[2023-05-31 10:32:43] Starting data epoch 3 in logical epoch 3
[2023-05-31 10:32:43] [data] Shuffling data
[2023-05-31 10:32:43] [data] Done reading 20,192 sentences
[2023-05-31 10:32:43] [data] Done shuffling 20,192 sentences to temp files
[2023-05-31 10:33:22] Seen 18,843 samples
[2023-05-31 10:33:22] Starting data epoch 4 in logical epoch 4
[2023-05-31 10:33:22] [data] Shuffling data
[2023-05-31 10:33:22] [data] Done reading 20,192 sentences
[2023-05-31 10:33:22] [data] Done shuffling 20,192 sentences to temp files
[2023-05-31 10:33:36] Ep. 4 : Up. 1000 : Sen. 6,932 : Cost 6.01404190 * 1,343,216 @ 768 after 1,343,216 : Time 135.26s : 9930.75 words/s : gNorm 1.0239
[2023-05-31 10:34:02] Seen 18,843 samples
[2023-05-31 10:34:02] Starting data epoch 5 in logical epoch 5
[2023-05-31 10:34:02] [data] Shuffling data
[2023-05-31 10:34:02] [data] Done reading 20,192 sentences
[2023-05-31 10:34:02] [data] Done shuffling 20,192 sentences to temp files
[2023-05-31 10:34:50] Seen 18,843 samples
[2023-05-31 10:34:50] Starting data epoch 6 in logical epoch 6
[2023-05-31 10:34:50] [data] Shuffling data
[2023-05-31 10:34:50] [data] Done reading 20,192 sentences
[2023-05-31 10:34:50] [data] Done shuffling 20,192 sentences to temp files
[2023-05-31 10:35:41] Seen 18,843 samples
[2023-05-31 10:35:41] Starting data epoch 7 in logical epoch 7
[2023-05-31 10:35:41] [data] Shuffling data
[2023-05-31 10:35:41] [data] Done reading 20,192 sentences
[2023-05-31 10:35:41] [data] Done shuffling 20,192 sentences to temp files
[2023-05-31 10:36:19] Ep. 7 : Up. 2000 : Sen. 13,882 : Cost 5.04386950 * 1,334,929 @ 2,976 after 2,678,145 : Time 162.57s : 8211.32 words/s : gNorm 1.0095
[2023-05-31 10:36:33] Seen 18,843 samples
[2023-05-31 10:36:33] Starting data epoch 8 in logical epoch 8
[2023-05-31 10:36:33] [data] Shuffling data
[2023-05-31 10:36:33] [data] Done reading 20,192 sentences
[2023-05-31 10:36:33] [data] Done shuffling 20,192 sentences to temp files
[2023-05-31 10:37:25] Seen 18,843 samples
[2023-05-31 10:37:25] Starting data epoch 9 in logical epoch 9
[2023-05-31 10:37:25] [data] Shuffling data
[2023-05-31 10:37:25] [data] Done reading 20,192 sentences
[2023-05-31 10:37:25] [data] Done shuffling 20,192 sentences to temp files
[2023-05-31 10:38:18] Seen 18,843 samples
[2023-05-31 10:38:18] Starting data epoch 10 in logical epoch 10
[2023-05-31 10:38:18] [data] Shuffling data
[2023-05-31 10:38:18] [data] Done reading 20,192 sentences
[2023-05-31 10:38:18] [data] Done shuffling 20,192 sentences to temp files
[2023-05-31 10:39:12] Seen 18,843 samples
[2023-05-31 10:39:12] Starting data epoch 11 in logical epoch 11
[2023-05-31 10:39:12] [data] Shuffling data
[2023-05-31 10:39:12] [data] Done reading 20,192 sentences
[2023-05-31 10:39:12] [data] Done shuffling 20,192 sentences to temp files
[2023-05-31 10:39:18] Ep. 11 : Up. 3000 : Sen. 2,048 : Cost 4.56451321 * 1,343,919 @ 1,536 after 4,022,064 : Time 179.76s : 7476.25 words/s : gNorm 1.0416
[2023-05-31 10:40:07] Seen 18,843 samples
[2023-05-31 10:40:07] Starting data epoch 12 in logical epoch 12
[2023-05-31 10:40:07] [data] Shuffling data
[2023-05-31 10:40:07] [data] Done reading 20,192 sentences
[2023-05-31 10:40:08] [data] Done shuffling 20,192 sentences to temp files
[2023-05-31 10:41:02] Seen 18,843 samples
[2023-05-31 10:41:02] Starting data epoch 13 in logical epoch 13
[2023-05-31 10:41:02] [data] Shuffling data
[2023-05-31 10:41:02] [data] Done reading 20,192 sentences
[2023-05-31 10:41:02] [data] Done shuffling 20,192 sentences to temp files
[2023-05-31 10:41:57] Seen 18,843 samples
[2023-05-31 10:41:57] Starting data epoch 14 in logical epoch 14
[2023-05-31 10:41:57] [data] Shuffling data
[2023-05-31 10:41:57] [data] Done reading 20,192 sentences
[2023-05-31 10:41:57] [data] Done shuffling 20,192 sentences to temp files
[2023-05-31 10:42:25] Ep. 14 : Up. 4000 : Sen. 9,128 : Cost 4.20692492 * 1,354,393 @ 2,176 after 5,376,457 : Time 186.74s : 7252.92 words/s : gNorm 1.0598
[2023-05-31 10:42:52] Seen 18,843 samples
[2023-05-31 10:42:52] Starting data epoch 15 in logical epoch 15
[2023-05-31 10:42:52] [data] Shuffling data
[2023-05-31 10:42:52] [data] Done reading 20,192 sentences
[2023-05-31 10:42:52] [data] Done shuffling 20,192 sentences to temp files
[2023-05-31 10:43:47] Seen 18,843 samples
[2023-05-31 10:43:47] Starting data epoch 16 in logical epoch 16
[2023-05-31 10:43:47] [data] Shuffling data
[2023-05-31 10:43:47] [data] Done reading 20,192 sentences
[2023-05-31 10:43:47] [data] Done shuffling 20,192 sentences to temp files
[2023-05-31 10:44:42] Seen 18,843 samples
[2023-05-31 10:44:42] Starting data epoch 17 in logical epoch 17
[2023-05-31 10:44:42] [data] Shuffling data
[2023-05-31 10:44:42] [data] Done reading 20,192 sentences
[2023-05-31 10:44:42] [data] Done shuffling 20,192 sentences to temp files
[2023-05-31 10:45:29] Ep. 17 : Up. 5000 : Sen. 16,135 : Cost 3.90509200 * 1,331,522 @ 1,216 after 6,707,979 : Time 183.95s : 7238.68 words/s : gNorm 1.2089
[2023-05-31 10:45:37] Seen 18,843 samples
[2023-05-31 10:45:37] Starting data epoch 18 in logical epoch 18
[2023-05-31 10:45:37] [data] Shuffling data
[2023-05-31 10:45:37] [data] Done reading 20,192 sentences
[2023-05-31 10:45:37] [data] Done shuffling 20,192 sentences to temp files
[2023-05-31 10:46:32] Seen 18,843 samples
[2023-05-31 10:46:32] Starting data epoch 19 in logical epoch 19
[2023-05-31 10:46:32] [data] Shuffling data
[2023-05-31 10:46:32] [data] Done reading 20,192 sentences
[2023-05-31 10:46:32] [data] Done shuffling 20,192 sentences to temp files
[2023-05-31 10:47:27] Seen 18,843 samples
[2023-05-31 10:47:27] Starting data epoch 20 in logical epoch 20
[2023-05-31 10:47:27] [data] Shuffling data
[2023-05-31 10:47:27] [data] Done reading 20,192 sentences
[2023-05-31 10:47:27] [data] Done shuffling 20,192 sentences to temp files
[2023-05-31 10:48:23] Seen 18,843 samples
[2023-05-31 10:48:23] Starting data epoch 21 in logical epoch 21
[2023-05-31 10:48:23] Training finished
[2023-05-31 10:48:23] Translating validation set...
[2023-05-31 10:48:26] [valid] References contain unknown word, metric scores may be inaccurate
[2023-05-31 10:48:26] [valid] First sentence's tokens as scored:
[2023-05-31 10:48:26] [valid] DefaultVocab keeps original segments for scoring
[2023-05-31 10:48:26] [valid]   Hyp: En cuanto a las personas que se trata de la ciudadanía en el ámbito de la Constitución Nacional y en la administración de la Corte Suprema de Justicia y se encuentran en el marco de la situación de la casa de la Constitución Nacional en el departamento de la casa de la casa de la administración de la Universidad Nacional de diciembre de la ciudad de la ciudad en la ciudad de la administración de la Universidad Nacional de la ciudad de la ciudad de la ciudad de Ciudad de la Universidad Nacional de Ciudad de la Universidad Nacional de Ciudad de la República y el presidente de la Dirección General de Educación de la Universidad Nacional de Ciudad de la Dirección Nacional de Lenguas en la ciudad de la ciudad de la administración de la Dirección General de la Universidad Nacional de Ciudad de la Dirección Nacional de Lenguas en la ciudad de la ciudad de la ciudad de la administración de la Dirección General de la Universidad Nacional de Ciudad de la Dirección General de la Universidad Nacional de Ciudad de la Dirección General de la República
[2023-05-31 10:48:26] [valid]   Ref: <unk> importante citar que los daños <unk> a los usuarios por esta situación afectan seriamente a la economía en <unk> al área social e <unk> a la integridad física de las personas que transitan por dicha ruta <unk> <unk> pérdida de vidas y lesiones <unk> daño a los vehículos de <unk> a los animales y mercaderías en general <unk> sobrecostos en tiempo y dinero al <unk> <unk> expresa la nota <unk> por el titular de la <unk> Luis <unk> y el secretario del <unk> Jorge <unk>
[2023-05-31 10:48:34] Best translation 0 : A partir de que el presidente de la República de Cartes es una de las causas que se ha de un monto de ley que se realiza en la administración de la República
[2023-05-31 10:48:34] Best translation 1 : Cabe destacar que el senador Óscar González Daher dijo que el gobierno no puede estar en el cargo de la ANDE no no se encuentra en que lo que no se encuentra en la ciudad que no se encuentra en la ciudad que no se encuentra en la ciudad que no se encuentra en la ciudad que no se encuentra en la ciudad que no se
[2023-05-31 10:48:34] Best translation 2 : De acuerdo a los datos de que se trata de un grupo de ley que se dio a cabo en el país en el momento de la administración de la Corte a través de la administración de la Corte a través de la administración de la Corte a través de lo que se encuentra en la ciudad de ABC Color que se encuentra en una de las mujeres que se encuentra en el país a la administración de la administración de la Corte a través de la administración de la Corte a través de lo que se encuentra en una de las que se encuentra en una de las que se encuentra en una de las que se encuentra en la ciudad de
[2023-05-31 10:48:34] Best translation 3 : Se trata de que el Ministerio de Obras Públicas y luego de los miembros de la Corte Suprema de Justicia por lo que no se encuentra en la zona de que se encuentra en la zona de que se encuentra en la zona de que se encuentra en el país en el país por lo que no se encuentra en nuestro país por lo que no se encuentra en el país en el que se encuentra en el país a los que se encuentra en el país en el que se encuentra en el país a los que se encuentra en el país en el que se encuentra en el país en el país por lo que no se encuentra en la zona
[2023-05-31 10:48:34] Best translation 4 : En cuanto a la gente que la gente que la gente de la gente es que la gente que no se está en el país y con lo que no se puede acceder a la gente de la gente que no es de la gente que no es una vez que
[2023-05-31 10:48:34] Best translation 5 : Por lo que se va a más de más de que la gente de lo que se está en el momento de lo que no se ha de lo que no se ha de lo que no se ha de lo que no se ha de lo que no se ha de lo que se está en una vez de un monto de la ciudad de
[2023-05-31 10:48:34] Best translation 10 : Se trata de que los miembros de los Museos
[2023-05-31 10:48:34] Best translation 20 : Los interesados en el marco de los derechos humanos de los países se encuentran en el país en el país de las personas que se encuentra en el ámbito de las personas que se puede ser de una de las personas que se ha de las personas que se encuentra en el ámbito de las personas que
[2023-05-31 10:48:34] Best translation 40 : El presidente Mario Abdo Benítez es una de las empresas que se dio a cabo en la zona del presidente de la Corte Suprema de Justicia por lo que se dio a cabo en la que se encuentra en la que se encuentra en la que se encuentra en la que se encuentra en la que se encuentra en la que se encuentra en la que se encuentra en la que se encuentra en la que se encuentra en la que se encuentra en la que se encuentra en el
[2023-05-31 10:48:34] Best translation 80 : Escrachan a cambio de corrupción en Yaguarón
[2023-05-31 10:48:34] Best translation 160 : En la ciudad de abril es lo que me voy a cargo de la ANDE
[2023-05-31 10:48:42] Best translation 320 : De acuerdo a través de un grupo de que se trata de un país en el país en el país en la que se dio a cargo de acuerdo con el país en el país en el país en el país en el país en el país con el país con el país con el país con el país con el país con el país en el país en el país en el país en el país en el país en el país con el país con el país en el país en el país en el país en la que se ha anunciado que es una de las que se encuentra en una de las que se encuentra en
[2023-05-31 10:48:59] Best translation 640 : En cuanto a todos los miembros de la ANDE
[2023-05-31 10:49:21] Best translation 1280 : Abdo Benítez insta a Mario Abdo millones a juicio político y Abdo
[2023-05-31 10:50:02] Best translation 2560 : En cuanto a la gente que se va a cargo de la muerte de la ANDE en el país de la gente que se está en el año de la administración de la ANDE en el país de la administración de la ANDE en el país es de lo que es una vez que es de la situación de lo que está en el año de la administración de la era de la ciudad de la ciudad de la ciudad de la ciudad de la ciudad de la ciudad de
[2023-05-31 10:51:11] Best translation 5120 : El evento se realizó en la sede de la lengua guaraní en el marco de la presentación de la lengua guaraní en el marco de la presentación de la lengua guaraní en el marco de la lengua guaraní en el marco de la lengua guaraní en el marco de la lengua guaraní en el marco de la lengua guaraní en el marco de la presentación de la lengua guaraní en el marco de la presentación de la lengua guaraní en el marco de la presencia de la lengua guaraní en el marco de la participación de la lengua guaraní en el marco de la participación de la lengua guaraní en el marco de la lengua guaraní en la ciudad de
[2023-05-31 10:51:15] Total translation time: 172.09534s
[2023-05-31 10:51:15] [valid] Ep. 21 : Up. 5933 : bleu : 0.911544 : new best
[2023-05-31 10:51:15] Translating validation set...
[2023-05-31 10:51:26] Best translation 0 : A partir de que el presidente de la República de Cartes es una de las causas que se ha de un monto de ley que se realiza en la administración de la República
[2023-05-31 10:51:26] Best translation 1 : Cabe destacar que el senador Óscar González Daher dijo que el gobierno no puede estar en el cargo de la ANDE no no se encuentra en que lo que no se encuentra en la ciudad que no se encuentra en la ciudad que no se encuentra en la ciudad que no se encuentra en la ciudad que no se encuentra en la ciudad que no se
[2023-05-31 10:51:26] Best translation 2 : De acuerdo a los datos de que se trata de un grupo de ley que se dio a cabo en el país en el momento de la administración de la Corte a través de la administración de la Corte a través de la administración de la Corte a través de lo que se encuentra en la ciudad de ABC Color que se encuentra en una de las mujeres que se encuentra en el país a la administración de la administración de la Corte a través de la administración de la Corte a través de lo que se encuentra en una de las que se encuentra en una de las que se encuentra en una de las que se encuentra en la ciudad de
[2023-05-31 10:51:26] Best translation 3 : Se trata de que el Ministerio de Obras Públicas y luego de los miembros de la Corte Suprema de Justicia por lo que no se encuentra en la zona de que se encuentra en la zona de que se encuentra en la zona de que se encuentra en el país en el país por lo que no se encuentra en nuestro país por lo que no se encuentra en el país en el que se encuentra en el país a los que se encuentra en el país en el que se encuentra en el país a los que se encuentra en el país en el que se encuentra en el país en el país por lo que no se encuentra en la zona
[2023-05-31 10:51:26] Best translation 4 : En cuanto a la gente que la gente que la gente de la gente es que la gente que no se está en el país y con lo que no se puede acceder a la gente de la gente que no es de la gente que no es una vez que
[2023-05-31 10:51:26] Best translation 5 : Por lo que se va a más de más de que la gente de lo que se está en el momento de lo que no se ha de lo que no se ha de lo que no se ha de lo que no se ha de lo que no se ha de lo que se está en una vez de un monto de la ciudad de
[2023-05-31 10:51:26] Best translation 10 : Se trata de que los miembros de los Museos
[2023-05-31 10:51:27] Best translation 20 : Los interesados en el marco de los derechos humanos de los países se encuentran en el país en el país de las personas que se encuentra en el ámbito de las personas que se puede ser de una de las personas que se ha de las personas que se encuentra en el ámbito de las personas que
[2023-05-31 10:51:27] Best translation 40 : El presidente Mario Abdo Benítez es una de las empresas que se dio a cabo en la zona del presidente de la Corte Suprema de Justicia por lo que se dio a cabo en la que se encuentra en la que se encuentra en la que se encuentra en la que se encuentra en la que se encuentra en la que se encuentra en la que se encuentra en la que se encuentra en la que se encuentra en la que se encuentra en la que se encuentra en el
[2023-05-31 10:51:27] Best translation 80 : Escrachan a cambio de corrupción en Yaguarón
[2023-05-31 10:51:27] Best translation 160 : En la ciudad de abril es lo que me voy a cargo de la ANDE
[2023-05-31 10:51:35] Best translation 320 : De acuerdo a través de un grupo de que se trata de un país en el país en el país en la que se dio a cargo de acuerdo con el país en el país en el país en el país en el país en el país con el país con el país con el país con el país con el país con el país en el país en el país en el país en el país en el país en el país con el país con el país en el país en el país en el país en la que se ha anunciado que es una de las que se encuentra en una de las que se encuentra en
[2023-05-31 10:51:52] Best translation 640 : En cuanto a todos los miembros de la ANDE
[2023-05-31 10:52:13] Best translation 1280 : Abdo Benítez insta a Mario Abdo millones a juicio político y Abdo
[2023-05-31 10:52:55] Best translation 2560 : En cuanto a la gente que se va a cargo de la muerte de la ANDE en el país de la gente que se está en el año de la administración de la ANDE en el país de la administración de la ANDE en el país es de lo que es una vez que es de la situación de lo que está en el año de la administración de la era de la ciudad de la ciudad de la ciudad de la ciudad de la ciudad de la ciudad de
[2023-05-31 10:54:04] Best translation 5120 : El evento se realizó en la sede de la lengua guaraní en el marco de la presentación de la lengua guaraní en el marco de la presentación de la lengua guaraní en el marco de la lengua guaraní en el marco de la lengua guaraní en el marco de la lengua guaraní en el marco de la lengua guaraní en el marco de la presentación de la lengua guaraní en el marco de la presentación de la lengua guaraní en el marco de la presencia de la lengua guaraní en el marco de la participación de la lengua guaraní en el marco de la participación de la lengua guaraní en el marco de la lengua guaraní en la ciudad de
[2023-05-31 10:54:08] Total translation time: 173.47632s
[2023-05-31 10:54:08] [valid] Ep. 21 : Up. 5933 : chrf : 17.9019 : new best
[2023-05-31 10:54:15] [valid] Ep. 21 : Up. 5933 : cross-entropy : 108.089 : new best
[2023-05-31 10:54:22] [valid] Ep. 21 : Up. 5933 : perplexity : 154.271 : new best
[2023-05-31 10:54:22] Saving model to /docker/home/marianmt/artifacts/models/model_checkpoint_100/checkpoint_100.npz
[2023-05-31 10:54:24] Saving Adam parameters
[2023-05-31 10:54:26] [training] Saving training checkpoint to /docker/home/marianmt/artifacts/models/model_checkpoint_100/checkpoint_100.npz and /docker/home/marianmt/artifacts/models/model_checkpoint_100/checkpoint_100.npz.optimizer.npz
[2023-05-31 10:54:35] [marian] Marian v1.11.0 f00d062 2022-02-08 08:39:24 -0800
[2023-05-31 10:54:35] [marian] Running on node07.datos.cluster.uy as process 34509 with command line:
[2023-05-31 10:54:35] [marian] /marian/build/marian --train-sets /docker/home/marianmt/artifacts/data/train/train_gn.txt.gn /docker/home/marianmt/artifacts/data/train/train_es.txt.es --model /docker/home/marianmt/artifacts/models/model_checkpoint_100/checkpoint_100.npz --after-epochs 40 --save-freq 500000 --vocabs /docker/home/marianmt/artifacts/data/vocabulary/gn_unique_tokens.txt.gn /docker/home/marianmt/artifacts/data/vocabulary/es_unique_tokens.txt.es --seed 1234 --cpu-threads 0 --log /docker/home/marianmt/logs/marian/split_model_checkpoint_100.log --valid-log /docker/home/marianmt/logs/marian/split_tokenizer_dev_200_checkpoint_100.log --valid-sets /docker/home/marianmt/artifacts/data/validation/valid_gn.txt.gn /docker/home/marianmt/artifacts/data/validation/valid_es.txt.es --valid-metrics bleu chrf cross-entropy perplexity --valid-script-path /docker/home/marianmt/scripts/validate.sh
[2023-05-31 10:54:35] [config] after: 0e
[2023-05-31 10:54:35] [config] after-batches: 0
[2023-05-31 10:54:35] [config] after-epochs: 40
[2023-05-31 10:54:35] [config] all-caps-every: 0
[2023-05-31 10:54:35] [config] allow-unk: false
[2023-05-31 10:54:35] [config] authors: false
[2023-05-31 10:54:35] [config] beam-size: 12
[2023-05-31 10:54:35] [config] bert-class-symbol: "[CLS]"
[2023-05-31 10:54:35] [config] bert-mask-symbol: "[MASK]"
[2023-05-31 10:54:35] [config] bert-masking-fraction: 0.15
[2023-05-31 10:54:35] [config] bert-sep-symbol: "[SEP]"
[2023-05-31 10:54:35] [config] bert-train-type-embeddings: true
[2023-05-31 10:54:35] [config] bert-type-vocab-size: 2
[2023-05-31 10:54:35] [config] build-info: ""
[2023-05-31 10:54:35] [config] check-gradient-nan: false
[2023-05-31 10:54:35] [config] check-nan: false
[2023-05-31 10:54:35] [config] cite: false
[2023-05-31 10:54:35] [config] clip-norm: 1
[2023-05-31 10:54:35] [config] cost-scaling:
[2023-05-31 10:54:35] [config]   []
[2023-05-31 10:54:35] [config] cost-type: ce-sum
[2023-05-31 10:54:35] [config] cpu-threads: 0
[2023-05-31 10:54:35] [config] data-threads: 8
[2023-05-31 10:54:35] [config] data-weighting: ""
[2023-05-31 10:54:35] [config] data-weighting-type: sentence
[2023-05-31 10:54:35] [config] dec-cell: gru
[2023-05-31 10:54:35] [config] dec-cell-base-depth: 2
[2023-05-31 10:54:35] [config] dec-cell-high-depth: 1
[2023-05-31 10:54:35] [config] dec-depth: 1
[2023-05-31 10:54:35] [config] devices:
[2023-05-31 10:54:35] [config]   - 0
[2023-05-31 10:54:35] [config] dim-emb: 512
[2023-05-31 10:54:35] [config] dim-rnn: 1024
[2023-05-31 10:54:35] [config] dim-vocabs:
[2023-05-31 10:54:35] [config]   - 47784
[2023-05-31 10:54:35] [config]   - 35201
[2023-05-31 10:54:35] [config] disp-first: 0
[2023-05-31 10:54:35] [config] disp-freq: 1000u
[2023-05-31 10:54:35] [config] disp-label-counts: true
[2023-05-31 10:54:35] [config] dropout-rnn: 0
[2023-05-31 10:54:35] [config] dropout-src: 0
[2023-05-31 10:54:35] [config] dropout-trg: 0
[2023-05-31 10:54:35] [config] dump-config: ""
[2023-05-31 10:54:35] [config] dynamic-gradient-scaling:
[2023-05-31 10:54:35] [config]   []
[2023-05-31 10:54:35] [config] early-stopping: 10
[2023-05-31 10:54:35] [config] early-stopping-on: first
[2023-05-31 10:54:35] [config] embedding-fix-src: false
[2023-05-31 10:54:35] [config] embedding-fix-trg: false
[2023-05-31 10:54:35] [config] embedding-normalization: false
[2023-05-31 10:54:35] [config] embedding-vectors:
[2023-05-31 10:54:35] [config]   []
[2023-05-31 10:54:35] [config] enc-cell: gru
[2023-05-31 10:54:35] [config] enc-cell-depth: 1
[2023-05-31 10:54:35] [config] enc-depth: 1
[2023-05-31 10:54:35] [config] enc-type: bidirectional
[2023-05-31 10:54:35] [config] english-title-case-every: 0
[2023-05-31 10:54:35] [config] exponential-smoothing: 0
[2023-05-31 10:54:35] [config] factor-weight: 1
[2023-05-31 10:54:35] [config] factors-combine: sum
[2023-05-31 10:54:35] [config] factors-dim-emb: 0
[2023-05-31 10:54:35] [config] gradient-checkpointing: false
[2023-05-31 10:54:35] [config] gradient-norm-average-window: 100
[2023-05-31 10:54:35] [config] guided-alignment: none
[2023-05-31 10:54:35] [config] guided-alignment-cost: mse
[2023-05-31 10:54:35] [config] guided-alignment-weight: 0.1
[2023-05-31 10:54:35] [config] ignore-model-config: false
[2023-05-31 10:54:35] [config] input-types:
[2023-05-31 10:54:35] [config]   []
[2023-05-31 10:54:35] [config] interpolate-env-vars: false
[2023-05-31 10:54:35] [config] keep-best: false
[2023-05-31 10:54:35] [config] label-smoothing: 0
[2023-05-31 10:54:35] [config] layer-normalization: false
[2023-05-31 10:54:35] [config] learn-rate: 0.0001
[2023-05-31 10:54:35] [config] lemma-dependency: ""
[2023-05-31 10:54:35] [config] lemma-dim-emb: 0
[2023-05-31 10:54:35] [config] log: /docker/home/marianmt/logs/marian/split_model_checkpoint_100.log
[2023-05-31 10:54:35] [config] log-level: info
[2023-05-31 10:54:35] [config] log-time-zone: ""
[2023-05-31 10:54:35] [config] logical-epoch:
[2023-05-31 10:54:35] [config]   - 1e
[2023-05-31 10:54:35] [config]   - 0
[2023-05-31 10:54:35] [config] lr-decay: 0
[2023-05-31 10:54:35] [config] lr-decay-freq: 50000
[2023-05-31 10:54:35] [config] lr-decay-inv-sqrt:
[2023-05-31 10:54:35] [config]   - 0
[2023-05-31 10:54:35] [config] lr-decay-repeat-warmup: false
[2023-05-31 10:54:35] [config] lr-decay-reset-optimizer: false
[2023-05-31 10:54:35] [config] lr-decay-start:
[2023-05-31 10:54:35] [config]   - 10
[2023-05-31 10:54:35] [config]   - 1
[2023-05-31 10:54:35] [config] lr-decay-strategy: epoch+stalled
[2023-05-31 10:54:35] [config] lr-report: false
[2023-05-31 10:54:35] [config] lr-warmup: 0
[2023-05-31 10:54:35] [config] lr-warmup-at-reload: false
[2023-05-31 10:54:35] [config] lr-warmup-cycle: false
[2023-05-31 10:54:35] [config] lr-warmup-start-rate: 0
[2023-05-31 10:54:35] [config] max-length: 50
[2023-05-31 10:54:35] [config] max-length-crop: false
[2023-05-31 10:54:35] [config] max-length-factor: 3
[2023-05-31 10:54:35] [config] maxi-batch: 100
[2023-05-31 10:54:35] [config] maxi-batch-sort: trg
[2023-05-31 10:54:35] [config] mini-batch: 64
[2023-05-31 10:54:35] [config] mini-batch-fit: false
[2023-05-31 10:54:35] [config] mini-batch-fit-step: 10
[2023-05-31 10:54:35] [config] mini-batch-round-up: true
[2023-05-31 10:54:35] [config] mini-batch-track-lr: false
[2023-05-31 10:54:35] [config] mini-batch-warmup: 0
[2023-05-31 10:54:35] [config] mini-batch-words: 0
[2023-05-31 10:54:35] [config] mini-batch-words-ref: 0
[2023-05-31 10:54:35] [config] model: /docker/home/marianmt/artifacts/models/model_checkpoint_100/checkpoint_100.npz
[2023-05-31 10:54:35] [config] multi-loss-type: sum
[2023-05-31 10:54:35] [config] n-best: false
[2023-05-31 10:54:35] [config] no-nccl: false
[2023-05-31 10:54:35] [config] no-reload: false
[2023-05-31 10:54:35] [config] no-restore-corpus: false
[2023-05-31 10:54:35] [config] normalize: 0
[2023-05-31 10:54:35] [config] normalize-gradient: false
[2023-05-31 10:54:35] [config] num-devices: 0
[2023-05-31 10:54:35] [config] optimizer: adam
[2023-05-31 10:54:35] [config] optimizer-delay: 1
[2023-05-31 10:54:35] [config] optimizer-params:
[2023-05-31 10:54:35] [config]   []
[2023-05-31 10:54:35] [config] output-omit-bias: false
[2023-05-31 10:54:35] [config] overwrite: false
[2023-05-31 10:54:35] [config] precision:
[2023-05-31 10:54:35] [config]   - float32
[2023-05-31 10:54:35] [config]   - float32
[2023-05-31 10:54:35] [config] pretrained-model: ""
[2023-05-31 10:54:35] [config] quantize-biases: false
[2023-05-31 10:54:35] [config] quantize-bits: 0
[2023-05-31 10:54:35] [config] quantize-log-based: false
[2023-05-31 10:54:35] [config] quantize-optimization-steps: 0
[2023-05-31 10:54:35] [config] quiet: false
[2023-05-31 10:54:35] [config] quiet-translation: false
[2023-05-31 10:54:35] [config] relative-paths: false
[2023-05-31 10:54:35] [config] right-left: false
[2023-05-31 10:54:35] [config] save-freq: 500000
[2023-05-31 10:54:35] [config] seed: 1234
[2023-05-31 10:54:35] [config] sentencepiece-alphas:
[2023-05-31 10:54:35] [config]   []
[2023-05-31 10:54:35] [config] sentencepiece-max-lines: 2000000
[2023-05-31 10:54:35] [config] sentencepiece-options: ""
[2023-05-31 10:54:35] [config] sharding: global
[2023-05-31 10:54:35] [config] shuffle: data
[2023-05-31 10:54:35] [config] shuffle-in-ram: false
[2023-05-31 10:54:35] [config] sigterm: save-and-exit
[2023-05-31 10:54:35] [config] skip: false
[2023-05-31 10:54:35] [config] sqlite: ""
[2023-05-31 10:54:35] [config] sqlite-drop: false
[2023-05-31 10:54:35] [config] sync-freq: 200u
[2023-05-31 10:54:35] [config] sync-sgd: false
[2023-05-31 10:54:35] [config] tempdir: /tmp
[2023-05-31 10:54:35] [config] tied-embeddings: false
[2023-05-31 10:54:35] [config] tied-embeddings-all: false
[2023-05-31 10:54:35] [config] tied-embeddings-src: false
[2023-05-31 10:54:35] [config] train-embedder-rank:
[2023-05-31 10:54:35] [config]   []
[2023-05-31 10:54:35] [config] train-sets:
[2023-05-31 10:54:35] [config]   - /docker/home/marianmt/artifacts/data/train/train_gn.txt.gn
[2023-05-31 10:54:35] [config]   - /docker/home/marianmt/artifacts/data/train/train_es.txt.es
[2023-05-31 10:54:35] [config] transformer-aan-activation: swish
[2023-05-31 10:54:35] [config] transformer-aan-depth: 2
[2023-05-31 10:54:35] [config] transformer-aan-nogate: false
[2023-05-31 10:54:35] [config] transformer-decoder-autoreg: self-attention
[2023-05-31 10:54:35] [config] transformer-decoder-dim-ffn: 0
[2023-05-31 10:54:35] [config] transformer-decoder-ffn-depth: 0
[2023-05-31 10:54:35] [config] transformer-depth-scaling: false
[2023-05-31 10:54:35] [config] transformer-dim-aan: 2048
[2023-05-31 10:54:35] [config] transformer-dim-ffn: 2048
[2023-05-31 10:54:35] [config] transformer-dropout: 0
[2023-05-31 10:54:35] [config] transformer-dropout-attention: 0
[2023-05-31 10:54:35] [config] transformer-dropout-ffn: 0
[2023-05-31 10:54:35] [config] transformer-ffn-activation: swish
[2023-05-31 10:54:35] [config] transformer-ffn-depth: 2
[2023-05-31 10:54:35] [config] transformer-guided-alignment-layer: last
[2023-05-31 10:54:35] [config] transformer-heads: 8
[2023-05-31 10:54:35] [config] transformer-no-projection: false
[2023-05-31 10:54:35] [config] transformer-pool: false
[2023-05-31 10:54:35] [config] transformer-postprocess: dan
[2023-05-31 10:54:35] [config] transformer-postprocess-emb: d
[2023-05-31 10:54:35] [config] transformer-postprocess-top: ""
[2023-05-31 10:54:35] [config] transformer-preprocess: ""
[2023-05-31 10:54:35] [config] transformer-tied-layers:
[2023-05-31 10:54:35] [config]   []
[2023-05-31 10:54:35] [config] transformer-train-position-embeddings: false
[2023-05-31 10:54:35] [config] tsv: false
[2023-05-31 10:54:35] [config] tsv-fields: 0
[2023-05-31 10:54:35] [config] type: amun
[2023-05-31 10:54:35] [config] ulr: false
[2023-05-31 10:54:35] [config] ulr-dim-emb: 0
[2023-05-31 10:54:35] [config] ulr-dropout: 0
[2023-05-31 10:54:35] [config] ulr-keys-vectors: ""
[2023-05-31 10:54:35] [config] ulr-query-vectors: ""
[2023-05-31 10:54:35] [config] ulr-softmax-temperature: 1
[2023-05-31 10:54:35] [config] ulr-trainable-transformation: false
[2023-05-31 10:54:35] [config] unlikelihood-loss: false
[2023-05-31 10:54:35] [config] valid-freq: 10000u
[2023-05-31 10:54:35] [config] valid-log: /docker/home/marianmt/logs/marian/split_tokenizer_dev_200_checkpoint_100.log
[2023-05-31 10:54:35] [config] valid-max-length: 1000
[2023-05-31 10:54:35] [config] valid-metrics:
[2023-05-31 10:54:35] [config]   - bleu
[2023-05-31 10:54:35] [config]   - chrf
[2023-05-31 10:54:35] [config]   - cross-entropy
[2023-05-31 10:54:35] [config]   - perplexity
[2023-05-31 10:54:35] [config] valid-mini-batch: 32
[2023-05-31 10:54:35] [config] valid-reset-stalled: false
[2023-05-31 10:54:35] [config] valid-script-args:
[2023-05-31 10:54:35] [config]   []
[2023-05-31 10:54:35] [config] valid-script-path: /docker/home/marianmt/scripts/validate.sh
[2023-05-31 10:54:35] [config] valid-sets:
[2023-05-31 10:54:35] [config]   - /docker/home/marianmt/artifacts/data/validation/valid_gn.txt.gn
[2023-05-31 10:54:35] [config]   - /docker/home/marianmt/artifacts/data/validation/valid_es.txt.es
[2023-05-31 10:54:35] [config] valid-translation-output: ""
[2023-05-31 10:54:35] [config] version: v1.11.0 f00d062 2022-02-08 08:39:24 -0800
[2023-05-31 10:54:35] [config] vocabs:
[2023-05-31 10:54:35] [config]   - /docker/home/marianmt/artifacts/data/vocabulary/gn_unique_tokens.txt.gn
[2023-05-31 10:54:35] [config]   - /docker/home/marianmt/artifacts/data/vocabulary/es_unique_tokens.txt.es
[2023-05-31 10:54:35] [config] word-penalty: 0
[2023-05-31 10:54:35] [config] word-scores: false
[2023-05-31 10:54:35] [config] workspace: 2048
[2023-05-31 10:54:35] [config] Loaded model has been created with Marian v1.11.0 f00d062 2022-02-08 08:39:24 -0800
[2023-05-31 10:54:35] [MPI rank 0 out of 1]: GPU[0]
[2023-05-31 10:54:35] [training] Using single-device training
[2023-05-31 10:54:35] Synced seed 1234
[2023-05-31 10:54:35] [data] Loading vocabulary from text file /docker/home/marianmt/artifacts/data/vocabulary/gn_unique_tokens.txt.gn
[2023-05-31 10:54:35] [data] Setting vocabulary size for input 0 to 47,784
[2023-05-31 10:54:35] [data] Loading vocabulary from text file /docker/home/marianmt/artifacts/data/vocabulary/es_unique_tokens.txt.es
[2023-05-31 10:54:35] [data] Setting vocabulary size for input 1 to 35,201
[2023-05-31 10:54:35] [MPI rank 0 out of 1]: GPU[0]
[2023-05-31 10:54:36] [memory] Extending reserved space to 2048 MB (device gpu0)
[2023-05-31 10:54:36] [comm] Using NCCL 2.8.3 for GPU communication
[2023-05-31 10:54:36] [comm] Using global sharding
[2023-05-31 10:54:36] [comm] NCCLCommunicators constructed successfully
[2023-05-31 10:54:36] [training] Using 1 GPUs
[2023-05-31 10:54:36] Loading model from /docker/home/marianmt/artifacts/models/model_checkpoint_100/checkpoint_100.npz
[2023-05-31 10:54:38] Loading Adam parameters
[2023-05-31 10:54:38] [memory] Reserving 720 MB, device gpu0
[2023-05-31 10:54:38] [memory] Reserving 360 MB, device gpu0
[2023-05-31 10:54:39] [training] Master parameters and optimizers restored from training checkpoint /docker/home/marianmt/artifacts/models/model_checkpoint_100/checkpoint_100.npz and /docker/home/marianmt/artifacts/models/model_checkpoint_100/checkpoint_100.npz.optimizer.npz
[2023-05-31 10:54:39] [data] Restoring the corpus state to epoch 21, batch 5933
[2023-05-31 10:54:39] [data] Shuffling data
[2023-05-31 10:54:39] [data] Done reading 20,192 sentences
[2023-05-31 10:54:39] [data] Done shuffling 20,192 sentences to temp files
[2023-05-31 10:54:39] Training started
[2023-05-31 10:54:39] [training] Batches are processed as 1 process(es) x 1 devices/process
[2023-05-31 10:54:39] [logits] Applying loss function for 1 factor(s)
[2023-05-31 10:54:39] [gpu] 16-bit TensorCores enabled for float32 matrix operations
[2023-05-31 10:54:39] [memory] Reserving 360 MB, device gpu0
[2023-05-31 10:54:39] Parameter type float32, optimization type float32, casting types false
[2023-05-31 10:54:48] Ep. 21 : Up. 6000 : Sen. 4,288 : Cost 3.64647365 * 1,344,567 @ 1,231 after 8,052,546 : Time 13.34s : 100770.28 words/s : gNorm 1.1982
[2023-05-31 10:55:25] Seen 18,843 samples
[2023-05-31 10:55:25] Starting data epoch 22 in logical epoch 22
[2023-05-31 10:55:25] [data] Shuffling data
[2023-05-31 10:55:25] [data] Done reading 20,192 sentences
[2023-05-31 10:55:25] [data] Done shuffling 20,192 sentences to temp files
[2023-05-31 10:56:19] Seen 18,843 samples
[2023-05-31 10:56:19] Starting data epoch 23 in logical epoch 23
[2023-05-31 10:56:19] [data] Shuffling data
[2023-05-31 10:56:19] [data] Done reading 20,192 sentences
[2023-05-31 10:56:19] [data] Done shuffling 20,192 sentences to temp files
[2023-05-31 10:57:15] Seen 18,843 samples
[2023-05-31 10:57:15] Starting data epoch 24 in logical epoch 24
[2023-05-31 10:57:15] [data] Shuffling data
[2023-05-31 10:57:15] [data] Done reading 20,192 sentences
[2023-05-31 10:57:15] [data] Done shuffling 20,192 sentences to temp files
[2023-05-31 10:57:47] Ep. 24 : Up. 7000 : Sen. 11,277 : Cost 3.39995742 * 1,339,673 @ 704 after 9,392,219 : Time 179.10s : 7479.90 words/s : gNorm 1.3529
[2023-05-31 10:58:09] Seen 18,843 samples
[2023-05-31 10:58:09] Starting data epoch 25 in logical epoch 25
[2023-05-31 10:58:09] [data] Shuffling data
[2023-05-31 10:58:09] [data] Done reading 20,192 sentences
[2023-05-31 10:58:09] [data] Done shuffling 20,192 sentences to temp files
[2023-05-31 10:59:04] Seen 18,843 samples
[2023-05-31 10:59:04] Starting data epoch 26 in logical epoch 26
[2023-05-31 10:59:04] [data] Shuffling data
[2023-05-31 10:59:04] [data] Done reading 20,192 sentences
[2023-05-31 10:59:04] [data] Done shuffling 20,192 sentences to temp files
[2023-05-31 10:59:58] Seen 18,843 samples
[2023-05-31 10:59:58] Starting data epoch 27 in logical epoch 27
[2023-05-31 10:59:58] [data] Shuffling data
[2023-05-31 10:59:58] [data] Done reading 20,192 sentences
[2023-05-31 10:59:59] [data] Done shuffling 20,192 sentences to temp files
[2023-05-31 11:00:51] Ep. 27 : Up. 8000 : Sen. 18,247 : Cost 3.18091202 * 1,339,074 @ 1,034 after 10,731,293 : Time 183.71s : 7289.02 words/s : gNorm 1.2990
[2023-05-31 11:00:53] Seen 18,843 samples
[2023-05-31 11:00:53] Starting data epoch 28 in logical epoch 28
[2023-05-31 11:00:53] [data] Shuffling data
[2023-05-31 11:00:53] [data] Done reading 20,192 sentences
[2023-05-31 11:00:53] [data] Done shuffling 20,192 sentences to temp files
[2023-05-31 11:01:48] Seen 18,843 samples
[2023-05-31 11:01:48] Starting data epoch 29 in logical epoch 29
[2023-05-31 11:01:48] [data] Shuffling data
[2023-05-31 11:01:48] [data] Done reading 20,192 sentences
[2023-05-31 11:01:48] [data] Done shuffling 20,192 sentences to temp files
[2023-05-31 11:02:43] Seen 18,843 samples
[2023-05-31 11:02:43] Starting data epoch 30 in logical epoch 30
[2023-05-31 11:02:43] [data] Shuffling data
[2023-05-31 11:02:43] [data] Done reading 20,192 sentences
[2023-05-31 11:02:43] [data] Done shuffling 20,192 sentences to temp files
[2023-05-31 11:03:37] Seen 18,843 samples
[2023-05-31 11:03:37] Starting data epoch 31 in logical epoch 31
[2023-05-31 11:03:37] [data] Shuffling data
[2023-05-31 11:03:37] [data] Done reading 20,192 sentences
[2023-05-31 11:03:37] [data] Done shuffling 20,192 sentences to temp files
[2023-05-31 11:03:55] Ep. 31 : Up. 9000 : Sen. 6,474 : Cost 2.95003390 * 1,341,072 @ 320 after 12,072,365 : Time 184.22s : 7279.85 words/s : gNorm 1.3765
[2023-05-31 11:04:31] Seen 18,843 samples
[2023-05-31 11:04:31] Starting data epoch 32 in logical epoch 32
[2023-05-31 11:04:31] [data] Shuffling data
[2023-05-31 11:04:31] [data] Done reading 20,192 sentences
[2023-05-31 11:04:31] [data] Done shuffling 20,192 sentences to temp files
[2023-05-31 11:05:28] Seen 18,843 samples
[2023-05-31 11:05:28] Starting data epoch 33 in logical epoch 33
[2023-05-31 11:05:28] [data] Shuffling data
[2023-05-31 11:05:28] [data] Done reading 20,192 sentences
[2023-05-31 11:05:28] [data] Done shuffling 20,192 sentences to temp files
[2023-05-31 11:06:25] Seen 18,843 samples
[2023-05-31 11:06:25] Starting data epoch 34 in logical epoch 34
[2023-05-31 11:06:25] [data] Shuffling data
[2023-05-31 11:06:25] [data] Done reading 20,192 sentences
[2023-05-31 11:06:25] [data] Done shuffling 20,192 sentences to temp files
[2023-05-31 11:07:03] Ep. 34 : Up. 10000 : Sen. 13,515 : Cost 2.74341583 * 1,347,521 @ 882 after 13,419,886 : Time 187.90s : 7171.63 words/s : gNorm 1.3991
[2023-05-31 11:07:03] Translating validation set...
[2023-05-31 11:07:06] [valid] References contain unknown word, metric scores may be inaccurate
[2023-05-31 11:07:06] [valid] First sentence's tokens as scored:
[2023-05-31 11:07:06] [valid] DefaultVocab keeps original segments for scoring
[2023-05-31 11:07:06] [valid]   Hyp: En cuanto a los datos que se dieron a disposición del Ministerio de Salud Pública y Comercial de la Administración Nacional de Servicios que deberán llamar a la venta de las mujeres en los departamentos del país para la diferencia con la que el presidente de la Dirección General de Educación Nacional de la Entidad de diciembre es de la diferencia para la diferencia con el presidente de la Dirección General de Educación para el cargo de la casa de la casa es de la diferencia de lo que se debe a toda la ciudad para la pérdida de investidura por parte de la Dirección General de Educación es de la casa del español en los últimos de la casa del Fondo de la casa de la casa es de la casa de la casa de la casa de la casa del español a los días de la Dirección General de Educación para el cargo del presidente de la Dirección General de la Universidad Nacional de Ciudad del Estado en la administración de la Corte a pesar de los responsables de la Dirección General de Educación es de la
[2023-05-31 11:07:06] [valid]   Ref: <unk> importante citar que los daños <unk> a los usuarios por esta situación afectan seriamente a la economía en <unk> al área social e <unk> a la integridad física de las personas que transitan por dicha ruta <unk> <unk> pérdida de vidas y lesiones <unk> daño a los vehículos de <unk> a los animales y mercaderías en general <unk> sobrecostos en tiempo y dinero al <unk> <unk> expresa la nota <unk> por el titular de la <unk> Luis <unk> y el secretario del <unk> Jorge <unk>
[2023-05-31 11:07:14] Best translation 0 : De acuerdo a los datos de que se trata de una de las empresas de oro que fue parte de la Entidad de cuentas de los compatriotas que se realizó en una de
[2023-05-31 11:07:14] Best translation 1 : Recordó que en el lugar estaba sentado sobre una roca calentándose al menos en un mensaje de la ANDE
[2023-05-31 11:07:14] Best translation 2 : De acuerdo a los datos que se trata de un grupo de que el presidente de la ANDE es un monto de un monto de lo que es un monto de un monto de lo que se dio a cargo de un monto de un monto de un monto de un monto de un monto de un monto de un monto de lo que es parte de lo que es de lo que es lo que es de lo que es de lo que es de lo que es de lo que es de lo que es de lo que es de lo que es de lo que es de lo que es lo que es de lo que es la administración de
[2023-05-31 11:07:14] Best translation 3 : Un grupo de que el Ministerio de Hacienda dijo a los datos que se dieron a pesar de que el Ministerio de Agricultura y Ganadería no está en nuestro país a fin a evitar que el Gobierno no se encuentra dentro de lo que es lo que es lo que es lo que no se encuentra dentro de las que se dieron a favor de cada uno de lo que no se ha anunciado que a pesar de lo que se está en una de las mujeres en los que se dieron a favor de cada uno de lo que no se ha convertido en lo que no se ha anunciado que se está en una de las mujeres en los que se
[2023-05-31 11:07:14] Best translation 4 : De acuerdo a que la gente que nos permite la gente de lo que no es lo que tenga que en la gente de lo que no tienen en la gente de lo que es lo que estamos en un lugar donde se debe a la gente de lo que se
[2023-05-31 11:07:14] Best translation 5 : De acuerdo acerca de que ya que se va a favor de lo menos de lo que se va a cargo de lo menos de lo que es lo que es de lo que es lo que se ha de lo que se ha de lo que se ha de lo que se ha de lo que se ha de lo que se ha de un
[2023-05-31 11:07:14] Best translation 10 : Aseguran que los miembros de la ciudadanía para robar
[2023-05-31 11:07:14] Best translation 20 : Los interesados en participar de los estudiantes de la región se encuentran dentro de los nombres en los medios de calidad de los compatriotas que afecta a los funcionarios de la ciudad que será de una de las personas que afecta a la situación de las personas que se desarrolló en la vida de una de las
[2023-05-31 11:07:14] Best translation 40 : El hecho de que se dio a disposición del presidente de la Corte a pesar de que el presidente Mario Abdo Benítez no se dio a conocer más más de que el presidente Mario Abdo Benítez se encuentra en el lugar en la que se dio a disposición de la presidencia del presidente de la Corte en la que se encuentra en una de las mujeres en la que se encuentra en la que se realiza el presidente de la Corte a través de una de las personas que se
[2023-05-31 11:07:14] Best translation 80 : Caravana contra víveres de corrupción en Yaguarón
[2023-05-31 11:07:14] Best translation 160 : El jovencito sonriendo me voy a llamar a lo que preocupa es lo que preocupa es lo que preocupa es lo que preocupa es lo que preocupa es lo que preocupa es la
[2023-05-31 11:07:23] Best translation 320 : De acuerdo a pesar de que si es parte de que es una vez que se va a su cargo por parte de que ya es lo que ya es lo que ya es lo que va a su cargo por lo que es lo que es lo que se va a cargo de acuerdo a los miembros de la Corte a pesar de los que se está en una de las mujeres en lo que se está en una de las mujeres en los que es de lo que va a lo largo de lo que va a lo largo de lo que va a lo largo de lo que es lo que es lo que es de la
[2023-05-31 11:07:42] Best translation 640 : Añadió que es un incremento del bosque al MEC
[2023-05-31 11:08:05] Best translation 1280 : Marito visitará el Jurado de Enjuiciamiento de Magistrados en torno al árbol en torno al MEC
[2023-05-31 11:08:46] Best translation 2560 : En cuanto a la gente que se va a cargo de la muerte de la muerte para la vida de la muerte de más de lo menos de lo largo de lo menos de la muerte como de lo que es de lo largo de lo largo de lo largo de lo largo de lo largo de lo largo de lo largo de lo largo de lo que es de lo que es de lo largo de lo largo de lo largo de lo largo de lo largo de la
[2023-05-31 11:09:56] Best translation 5120 : La actividad se realizó en la sede de la Ley de Lenguas en el marco de la participación de la Ley 4251/10 de Lenguas en los medios de Mafalda en el marco de la importancia de la importancia de la importancia de la importancia de la importancia de la importancia de la importancia de la importancia de la participación de la lengua guaraní en los ámbitos de la Dirección General de Planificación Lingüística de las Personas que será la importancia de la lengua guaraní en los medios de comunicación con el uso de las lenguas en los ámbitos de comunicación con el uso de la lengua guaraní en los medios de comunicación con el uso de la educación en la
[2023-05-31 11:10:00] Total translation time: 176.44473s
[2023-05-31 11:10:00] [valid] Ep. 34 : Up. 10000 : bleu : 0.977267 : new best
[2023-05-31 11:10:00] Translating validation set...
[2023-05-31 11:10:12] Best translation 0 : De acuerdo a los datos de que se trata de una de las empresas de oro que fue parte de la Entidad de cuentas de los compatriotas que se realizó en una de
[2023-05-31 11:10:12] Best translation 1 : Recordó que en el lugar estaba sentado sobre una roca calentándose al menos en un mensaje de la ANDE
[2023-05-31 11:10:12] Best translation 2 : De acuerdo a los datos que se trata de un grupo de que el presidente de la ANDE es un monto de un monto de lo que es un monto de un monto de lo que se dio a cargo de un monto de un monto de un monto de un monto de un monto de un monto de un monto de lo que es parte de lo que es de lo que es lo que es de lo que es de lo que es de lo que es de lo que es de lo que es de lo que es de lo que es de lo que es de lo que es lo que es de lo que es la administración de
[2023-05-31 11:10:12] Best translation 3 : Un grupo de que el Ministerio de Hacienda dijo a los datos que se dieron a pesar de que el Ministerio de Agricultura y Ganadería no está en nuestro país a fin a evitar que el Gobierno no se encuentra dentro de lo que es lo que es lo que es lo que no se encuentra dentro de las que se dieron a favor de cada uno de lo que no se ha anunciado que a pesar de lo que se está en una de las mujeres en los que se dieron a favor de cada uno de lo que no se ha convertido en lo que no se ha anunciado que se está en una de las mujeres en los que se
[2023-05-31 11:10:12] Best translation 4 : De acuerdo a que la gente que nos permite la gente de lo que no es lo que tenga que en la gente de lo que no tienen en la gente de lo que es lo que estamos en un lugar donde se debe a la gente de lo que se
[2023-05-31 11:10:12] Best translation 5 : De acuerdo acerca de que ya que se va a favor de lo menos de lo que se va a cargo de lo menos de lo que es lo que es de lo que es lo que se ha de lo que se ha de lo que se ha de lo que se ha de lo que se ha de lo que se ha de un
[2023-05-31 11:10:12] Best translation 10 : Aseguran que los miembros de la ciudadanía para robar
[2023-05-31 11:10:12] Best translation 20 : Los interesados en participar de los estudiantes de la región se encuentran dentro de los nombres en los medios de calidad de los compatriotas que afecta a los funcionarios de la ciudad que será de una de las personas que afecta a la situación de las personas que se desarrolló en la vida de una de las
[2023-05-31 11:10:12] Best translation 40 : El hecho de que se dio a disposición del presidente de la Corte a pesar de que el presidente Mario Abdo Benítez no se dio a conocer más más de que el presidente Mario Abdo Benítez se encuentra en el lugar en la que se dio a disposición de la presidencia del presidente de la Corte en la que se encuentra en una de las mujeres en la que se encuentra en la que se realiza el presidente de la Corte a través de una de las personas que se
[2023-05-31 11:10:12] Best translation 80 : Caravana contra víveres de corrupción en Yaguarón
[2023-05-31 11:10:12] Best translation 160 : El jovencito sonriendo me voy a llamar a lo que preocupa es lo que preocupa es lo que preocupa es lo que preocupa es lo que preocupa es lo que preocupa es la
[2023-05-31 11:10:20] Best translation 320 : De acuerdo a pesar de que si es parte de que es una vez que se va a su cargo por parte de que ya es lo que ya es lo que ya es lo que va a su cargo por lo que es lo que es lo que se va a cargo de acuerdo a los miembros de la Corte a pesar de los que se está en una de las mujeres en lo que se está en una de las mujeres en los que es de lo que va a lo largo de lo que va a lo largo de lo que va a lo largo de lo que es lo que es lo que es de la
[2023-05-31 11:10:37] Best translation 640 : Añadió que es un incremento del bosque al MEC
[2023-05-31 11:10:59] Best translation 1280 : Marito visitará el Jurado de Enjuiciamiento de Magistrados en torno al árbol en torno al MEC
[2023-05-31 11:11:41] Best translation 2560 : En cuanto a la gente que se va a cargo de la muerte de la muerte para la vida de la muerte de más de lo menos de lo largo de lo menos de la muerte como de lo que es de lo largo de lo largo de lo largo de lo largo de lo largo de lo largo de lo largo de lo largo de lo que es de lo que es de lo largo de lo largo de lo largo de lo largo de lo largo de la
[2023-05-31 11:12:50] Best translation 5120 : La actividad se realizó en la sede de la Ley de Lenguas en el marco de la participación de la Ley 4251/10 de Lenguas en los medios de Mafalda en el marco de la importancia de la importancia de la importancia de la importancia de la importancia de la importancia de la importancia de la importancia de la participación de la lengua guaraní en los ámbitos de la Dirección General de Planificación Lingüística de las Personas que será la importancia de la lengua guaraní en los medios de comunicación con el uso de las lenguas en los ámbitos de comunicación con el uso de la lengua guaraní en los medios de comunicación con el uso de la educación en la
[2023-05-31 11:12:54] Total translation time: 174.51954s
[2023-05-31 11:12:54] [valid] Ep. 34 : Up. 10000 : chrf : 19.9724 : new best
[2023-05-31 11:13:01] [valid] Ep. 34 : Up. 10000 : cross-entropy : 120.756 : stalled 1 times (last best: 108.089)
[2023-05-31 11:13:08] [valid] Ep. 34 : Up. 10000 : perplexity : 278.44 : stalled 1 times (last best: 154.27)
[2023-05-31 11:13:23] Seen 18,843 samples
[2023-05-31 11:13:23] Starting data epoch 35 in logical epoch 35
[2023-05-31 11:13:23] [data] Shuffling data
[2023-05-31 11:13:23] [data] Done reading 20,192 sentences
[2023-05-31 11:13:23] [data] Done shuffling 20,192 sentences to temp files
slurmstepd: error: *** JOB 2859928 ON node07 CANCELLED AT 2023-05-31T11:14:00 ***
