[2023-06-03 13:46:07] [valid] References contain unknown word, metric scores may be inaccurate
[2023-06-03 13:46:07] [valid] First sentence's tokens as scored:
[2023-06-03 13:46:07] [valid] DefaultVocab keeps original segments for scoring
[2023-06-03 13:46:07] [valid]   Hyp: Péicha avei umi tapicha umi tapicha orekóva umi tapicha ikatu haguã umi tapicha oimehápe umi tapicha oimehápe umi gente ha'éva umi tapicha orekóva umi tapicha orekóva umi tapicha orekóva umi tapicha orekóva umi tapicha orekóva umi tapicha orekóva umi tapicha orekóva umi tapicha orekóva umi tapicha ha péva umi tapicha orekóva umi tapicha ha péicha avei umi empresa de la República ha upéicha avei umi empresa de la República de la República ha upéicha avei umi empresa de la República de la República ha péicha umi empresa de la República de la República ha upéicha avei umi empresa de la República de la República ha péicha umi empresa de la República de la República ha péicha umi empresa de la República de la República ha péicha umi empresa de la República de la República ha upéicha umi empresa de la Colorado ha upéicha avei umi empresa de la República de la República ha péicha umi empresa de la República de la República ha péicha umi empresa de la República de la República ha upéicha umi empresa de la República de la República ha upéicha avei umi empresa de la República de la República ha péicha umi empresa de la República de la República ha péicha umi empresa de la República de la República ha péicha umi empresa de la República de la República ha upéicha umi empresa de la Colorado ha upéicha avei umi empresa de la República de la República ha péicha umi empresa de la República de la República ha upéicha umi empresa de la República de la el
[2023-06-03 13:46:07] [valid]   Ref: <unk> ko tape heta perhuisio ojapóma umi oiporúva ko tape ha avei ho'a vai economía en <unk> área social ha integridad física tapicha oiporúva ko tape <unk> <unk> heta omanóma ha oî opytáva <unk> <unk> oñembyai <unk> mymba ha mercadería opáichagua <unk> orekóva sobrecosto tiempo ha plata transporte <unk> <unk> he'i nota ohaíva titular <unk> Luis <unk> secretario del <unk> Jorge <unk>
[2023-06-03 13:48:54] [valid] Ep. 11 : Up. 2968 : bleu : 0.366136 : new best
[2023-06-03 13:51:46] [valid] Ep. 11 : Up. 2968 : chrf : 13.6007 : new best
[2023-06-03 13:51:53] [valid] Ep. 11 : Up. 2968 : cross-entropy : 82.5544 : new best
[2023-06-03 13:51:59] [valid] Ep. 11 : Up. 2968 : perplexity : 262.175 : new best
[2023-06-03 13:52:03] [valid] Ep. 11 : Up. 2968 : valid-script : 0 : new best
[2023-06-03 13:59:51] [valid] References contain unknown word, metric scores may be inaccurate
[2023-06-03 13:59:51] [valid] First sentence's tokens as scored:
[2023-06-03 13:59:51] [valid] DefaultVocab keeps original segments for scoring
[2023-06-03 13:59:51] [valid]   Hyp: Upéichante avei umi tapicha arandu ikatu haguã umi tenda ikatu haguã umi mba'e ikatúva ikatu haguã umi damnificado ikatu haguã umi tapicha oikóva ko aty guasu oikóva ko árape ha upéicha umi tapicha oikóva ko aty guasu oiko haguã ko árape ha péicha oike hikuái ko árape ha péicha oike hikuái ko aty guasu oiko haguã ko árape ha péicha oike hikuái ko árape ha péicha oike hikuái ko árape ha péicha oike hikuái ko árape ha péicha oike hikuái ko ára ha oîva en el en el el el en el el en el el en el el en el el en el el en el en el el en el el en el en el en el en el en el en el en el en el en el en el en el en el el en el el en el el el en el proyecto de trabajo ko ára guive ha péva oike haguã ko árape ha péicha oike hikuái ko árape ha péicha oike hikuái ko ára ha péicha oike hikuái ko ára ha péicha ko'ã mba'e oikóva en el en el el el en el el el en el el en el el en el el en el el en el el en el en el el en el en el en el en el en el en el el en el el en el el el en el el en el el en el el el en el el en el el el en el miembro en el el el en el proyecto de los
[2023-06-03 13:59:51] [valid]   Ref: <unk> ko tape heta perhuisio ojapóma umi oiporúva ko tape ha avei ho'a vai economía en <unk> área social ha integridad física tapicha oiporúva ko tape <unk> <unk> heta omanóma ha oî opytáva <unk> <unk> oñembyai <unk> mymba ha mercadería opáichagua <unk> orekóva sobrecosto tiempo ha plata transporte <unk> <unk> he'i nota ohaíva titular <unk> Luis <unk> secretario del <unk> Jorge <unk>
[2023-06-03 14:02:41] [valid] Ep. 21 : Up. 5933 : bleu : 0.896242 : new best
[2023-06-03 14:05:36] [valid] Ep. 21 : Up. 5933 : chrf : 17.7051 : new best
[2023-06-03 14:05:43] [valid] Ep. 21 : Up. 5933 : cross-entropy : 83.3085 : stalled 1 times (last best: 82.5544)
[2023-06-03 14:05:49] [valid] Ep. 21 : Up. 5933 : perplexity : 275.857 : stalled 1 times (last best: 262.175)
[2023-06-03 14:05:53] [valid] Ep. 21 : Up. 5933 : valid-script : 0 : stalled 1 times (last best: 0)
[2023-06-03 14:13:43] [valid] References contain unknown word, metric scores may be inaccurate
[2023-06-03 14:13:43] [valid] First sentence's tokens as scored:
[2023-06-03 14:13:43] [valid] DefaultVocab keeps original segments for scoring
[2023-06-03 14:13:43] [valid]   Hyp: Omombe'u avei umi familia ohasáva ko tenda ikatu haguã umi oferta oikéva umi médico ikatu haguã umi oferta oïva ko ára ha péicha oike hikuái ko domingo oikóva ko aty guasu oikóva ko aty guasu oiko jave ko'ã mba'e oikóva ko aty guasu oiko jave ko'ã mba'e oikóva ko aty guasu oiko jave ko'ã mba'e oikóva ko aty guasu oiko jave ko'ã mba'e oikóva ko aty guasu oiko jave ko'ã mba'e oikóva ko aty guasu oiko jave ko'ã mba'e oikóva ko aty guasu oiko jave ko'ã ára ohóvape ha péva hikuái umi tapicha oikóva ko aty guasu oiko jave ko'ã ára ha oîva en el en el en el en el en el en el en el en el en el en el en el en el en el en el en el en el en el en el en el en el en el en el en el en el en el en el en el el en el referente en el el en el en el en el en el en el en el el en el referente en el el en el en el en el en el en el el en el referente en el el en el en el en el en el en el en el el en el referente en el el en el en el en el en el en el en el el en el referente en el el en el en el en el en el en el en el el en el referente en el el en el en el
[2023-06-03 14:13:43] [valid]   Ref: <unk> ko tape heta perhuisio ojapóma umi oiporúva ko tape ha avei ho'a vai economía en <unk> área social ha integridad física tapicha oiporúva ko tape <unk> <unk> heta omanóma ha oî opytáva <unk> <unk> oñembyai <unk> mymba ha mercadería opáichagua <unk> orekóva sobrecosto tiempo ha plata transporte <unk> <unk> he'i nota ohaíva titular <unk> Luis <unk> secretario del <unk> Jorge <unk>
[2023-06-03 14:16:47] [valid] Ep. 31 : Up. 8898 : bleu : 1.1521 : new best
[2023-06-03 14:20:00] [valid] Ep. 31 : Up. 8898 : chrf : 18.771 : new best
[2023-06-03 14:20:07] [valid] Ep. 31 : Up. 8898 : cross-entropy : 88.1826 : stalled 2 times (last best: 82.5544)
[2023-06-03 14:20:13] [valid] Ep. 31 : Up. 8898 : perplexity : 383.248 : stalled 2 times (last best: 262.175)
[2023-06-03 14:20:17] [valid] Ep. 31 : Up. 8898 : valid-script : 0 : stalled 2 times (last best: 0)
[2023-06-03 14:23:23] [valid] References contain unknown word, metric scores may be inaccurate
[2023-06-03 14:23:23] [valid] First sentence's tokens as scored:
[2023-06-03 14:23:23] [valid] DefaultVocab keeps original segments for scoring
[2023-06-03 14:23:23] [valid]   Hyp: Upéicha avi tapicha arandu ikatu haguã ikatu haguã ikatu haguã umi oferta ikatu haguã umi oferta rupi ikatu haguã umi oferta oúva ko ára jave ha upéicha oike haguã ko aty guasu oiko jave ko ára jave ha upéicha oike haguã ko aty guasu oiko jave ko'ã ára jave ha oîva ko'ã mba'e oikóva ko aty guasu oikóva jave ha péva ko'ã mba'e oikóva ko aty guasu oikóva jave ha péva ko'ã mba'e oikóva ko aty guasu oikóva jave ha péva ko'ã mba'e oikóva ko aty guasu oikóva jave ha péva ko'ã mba'e oikóva ko aty guasu oiko jave ko'ã ára jave ha péva ko'ã mba'e oikóva ko aty guasu guasu jave ko'ã ára jave ha péva ko'ã mba'e oikóva ko aty guasu guasu jave ko'ã ára jave ha péva ko'ã mba'e oikóva ko aty guasu guasu jave ko'ã ára jave ha oîva ko'ã mba'e oikóva ko aty guasu guasu jave ko'ã ára ha oîva en general en el el en el en el el en el el en el el en el el el en el referente en el el en el el el en el referente en el el el en el referente en el el el en el referente en el el el en el referente en el el el en el referente en el el el en el referente en el el el en el referente en el el el en el referente en el el el en el referente en el el el en el referente en el el el en el referente en el Paraguay
[2023-06-03 14:23:23] [valid]   Ref: <unk> ko tape heta perhuisio ojapóma umi oiporúva ko tape ha avei ho'a vai economía en <unk> área social ha integridad física tapicha oiporúva ko tape <unk> <unk> heta omanóma ha oî opytáva <unk> <unk> oñembyai <unk> mymba ha mercadería opáichagua <unk> orekóva sobrecosto tiempo ha plata transporte <unk> <unk> he'i nota ohaíva titular <unk> Luis <unk> secretario del <unk> Jorge <unk>
[2023-06-03 14:26:24] [valid] Ep. 34 : Up. 10000 : bleu : 1.33489 : new best
[2023-06-03 14:29:30] [valid] Ep. 34 : Up. 10000 : chrf : 19.8979 : new best
[2023-06-03 14:29:37] [valid] Ep. 34 : Up. 10000 : cross-entropy : 90.9317 : stalled 3 times (last best: 82.5544)
[2023-06-03 14:29:43] [valid] Ep. 34 : Up. 10000 : perplexity : 461.338 : stalled 3 times (last best: 262.175)
[2023-06-03 14:29:48] [valid] Ep. 34 : Up. 10000 : valid-script : 0 : stalled 3 times (last best: 0)
[2023-06-03 14:37:37] [valid] Ep. 41 : Up. 11864 : bleu : 1.5012 : new best
[2023-06-03 14:40:46] [valid] Ep. 41 : Up. 11864 : chrf : 20.8086 : new best
[2023-06-03 14:40:53] [valid] Ep. 41 : Up. 11864 : cross-entropy : 95.8422 : stalled 4 times (last best: 82.5544)
[2023-06-03 14:40:59] [valid] Ep. 41 : Up. 11864 : perplexity : 642.513 : stalled 4 times (last best: 262.175)
[2023-06-03 14:41:03] [valid] Ep. 41 : Up. 11864 : valid-script : 0 : stalled 4 times (last best: 0)
[2023-06-03 14:48:54] [valid] References contain unknown word, metric scores may be inaccurate
[2023-06-03 14:48:54] [valid] First sentence's tokens as scored:
[2023-06-03 14:48:54] [valid] DefaultVocab keeps original segments for scoring
[2023-06-03 14:48:54] [valid]   Hyp: Upéicha avei tecnología ko tendáre ikatu haguã umi material ojuhúva producción en en forma médico en forma oîva en forma oñeikotevêva tetã tuichakue javeve ha péicha oguahë hikuái ha ojapóva umi tapicha oikóva ko ára jave ha umi ára carretera ndive ko'ã ára ha orekóva en el en el en el en el en el en el en el en el en el en el en el en el en el en el en el en el en el en el en el en el en el en el en el en el en el en el en el en el en el en el en el en el en el en el en el en el en el en el en el en el en el en el en el en el en el en el en el en el en el en el en el en el en el en el en el en el en el en el en el en el en el en el en el en el en el en el en el en el en el en el en el en el en el en el en el en el en el en el en el en el en el en el en el en el en el en el en el en el en el en el en el en el en el en el en el en el en el en el en el en el en el en el en el en el en el en el en el referente en
[2023-06-03 14:48:54] [valid]   Ref: <unk> ko tape heta perhuisio ojapóma umi oiporúva ko tape ha avei ho'a vai economía en <unk> área social ha integridad física tapicha oiporúva ko tape <unk> <unk> heta omanóma ha oî opytáva <unk> <unk> oñembyai <unk> mymba ha mercadería opáichagua <unk> orekóva sobrecosto tiempo ha plata transporte <unk> <unk> he'i nota ohaíva titular <unk> Luis <unk> secretario del <unk> Jorge <unk>
[2023-06-03 14:51:50] [valid] Ep. 51 : Up. 14829 : bleu : 1.88328 : new best
[2023-06-03 14:54:48] [valid] Ep. 51 : Up. 14829 : chrf : 22.2401 : new best
[2023-06-03 14:54:54] [valid] Ep. 51 : Up. 14829 : cross-entropy : 104.214 : stalled 5 times (last best: 82.5544)
[2023-06-03 14:55:01] [valid] Ep. 51 : Up. 14829 : perplexity : 1130.2 : stalled 5 times (last best: 262.175)
[2023-06-03 14:55:05] [valid] Ep. 51 : Up. 14829 : valid-script : 0 : stalled 5 times (last best: 0)
[2023-06-03 15:02:53] [valid] References contain unknown word, metric scores may be inaccurate
[2023-06-03 15:02:53] [valid] First sentence's tokens as scored:
[2023-06-03 15:02:53] [valid] DefaultVocab keeps original segments for scoring
[2023-06-03 15:02:53] [valid]   Hyp: Upéicha avi umi tapicha ohasáva ko situación ikatu haguã umi oferta oikéva crisis en en forma documentación péva interesado umi tapicha particular oñemoañete haguã tape rehe omotenondévo umi tape rehe misión en lo ára jave ha orekóva “ umi mba'e oikóva ko'ã ára ha orekóva en el en el en el en el en el en el en el en el en el en el en el en el en el en el en el en el referente en el en el en el en el referente en el en el en el en el referente en el en el en el en el referente en el en el en el en el referente en el en el en el en el referente en el en el en el en el referente en el en el en el en el referente en el en el en el en el referente en el en el en el en el referente en el en el en el en el en el referente en el en el en el en el referente en el en el en el en el referente en el en el en el en el referente en el en el en el en el referente en el en el en el en el referente en el en el en el en el en el referente en el en el en el en el referente en el en el en el en el referente en el en el en el en el en el en el en el referente en el
[2023-06-03 15:02:53] [valid]   Ref: <unk> ko tape heta perhuisio ojapóma umi oiporúva ko tape ha avei ho'a vai economía en <unk> área social ha integridad física tapicha oiporúva ko tape <unk> <unk> heta omanóma ha oî opytáva <unk> <unk> oñembyai <unk> mymba ha mercadería opáichagua <unk> orekóva sobrecosto tiempo ha plata transporte <unk> <unk> he'i nota ohaíva titular <unk> Luis <unk> secretario del <unk> Jorge <unk>
[2023-06-03 15:05:57] [valid] Ep. 61 : Up. 17795 : bleu : 1.80302 : stalled 1 times (last best: 1.88328)
[2023-06-03 15:09:10] [valid] Ep. 61 : Up. 17795 : chrf : 22.1177 : stalled 1 times (last best: 22.2402)
[2023-06-03 15:09:16] [valid] Ep. 61 : Up. 17795 : cross-entropy : 112.13 : stalled 6 times (last best: 82.5544)
[2023-06-03 15:09:22] [valid] Ep. 61 : Up. 17795 : perplexity : 1927.86 : stalled 6 times (last best: 262.175)
[2023-06-03 15:09:28] [valid] Ep. 61 : Up. 17795 : valid-script : 0 : stalled 6 times (last best: 0)
[2023-06-03 15:15:22] [valid] References contain unknown word, metric scores may be inaccurate
[2023-06-03 15:15:22] [valid] First sentence's tokens as scored:
[2023-06-03 15:15:22] [valid] DefaultVocab keeps original segments for scoring
[2023-06-03 15:15:22] [valid]   Hyp: Ko’ag̃aitéramo oiporúvo umi familia ohasáva ko situación ikatu ojeike umi producto a forma oposición péva interesado umi tenda oñemoîva ñane retã aty guasu oiko jave ha umi tapicha oñemoîva ko aty guasu oiko jave ko’ã aty guasúpe héra ha oî hikuái ko'ã mba'e oikóva ko aty guasu oikóva ha umi mba'e oikóva hikuái ha orekóva hikuái umi mba'e oikóva ko'ã ára jave umi oikóva ha oîva ko’ã mba’e oikóva hikuái ha orekóva hikuái umi mba'e oikóva ko'ã ára jave umi oikóva ha upéva rehe haimete hikuái umi oikóva ko aty guasu oiko jave ko'ã mba'e aty guasu héra ha umi mba'e oikóva hikuái ko'ã ára ohóvape ha umi mba’e oikóva hikuái ha oïva hikuái “ umi mba'e oikóva ko'ã ára ha oguerohorýva hikuái ko'ã mba'e oikóva héra ha orekóva hikuái umi mba'e oikóva umi aty guasu en el en en el en el en el en el en el en el en el en el en el en el en el en el en el en el en el en el en el en el en el en el en el en el en el en el en el en el en el en el en el en el en el en el en el en el en el en el en el en el en el en el en el en el en el en el en el en el en el en el en el en el en el en el en el en el en el en el en el en el en el en el en el
[2023-06-03 15:15:22] [valid]   Ref: <unk> ko tape heta perhuisio ojapóma umi oiporúva ko tape ha avei ho'a vai economía en <unk> área social ha integridad física tapicha oiporúva ko tape <unk> <unk> heta omanóma ha oî opytáva <unk> <unk> oñembyai <unk> mymba ha mercadería opáichagua <unk> orekóva sobrecosto tiempo ha plata transporte <unk> <unk> he'i nota ohaíva titular <unk> Luis <unk> secretario del <unk> Jorge <unk>
[2023-06-03 15:18:30] [valid] Ep. 68 : Up. 20000 : bleu : 1.72417 : stalled 2 times (last best: 1.88328)
[2023-06-03 15:21:43] [valid] Ep. 68 : Up. 20000 : chrf : 22.2982 : new best
[2023-06-03 15:21:50] [valid] Ep. 68 : Up. 20000 : cross-entropy : 117.622 : stalled 7 times (last best: 82.5544)
[2023-06-03 15:21:56] [valid] Ep. 68 : Up. 20000 : perplexity : 2792.27 : stalled 7 times (last best: 262.175)
[2023-06-03 15:22:01] [valid] Ep. 68 : Up. 20000 : valid-script : 0 : stalled 7 times (last best: 0)
[2023-06-03 15:27:12] [valid] Ep. 71 : Up. 20760 : bleu : 1.83072 : stalled 3 times (last best: 1.88328)
[2023-06-03 15:30:32] [valid] Ep. 71 : Up. 20760 : chrf : 22.5977 : new best
[2023-06-03 15:30:38] [valid] Ep. 71 : Up. 20760 : cross-entropy : 119.293 : stalled 8 times (last best: 82.5544)
[2023-06-03 15:30:45] [valid] Ep. 71 : Up. 20760 : perplexity : 3125.52 : stalled 8 times (last best: 262.175)
[2023-06-03 15:30:48] [valid] Ep. 71 : Up. 20760 : valid-script : 0 : stalled 8 times (last best: 0)
[2023-06-03 15:38:43] [valid] References contain unknown word, metric scores may be inaccurate
[2023-06-03 15:38:43] [valid] First sentence's tokens as scored:
[2023-06-03 15:38:43] [valid] DefaultVocab keeps original segments for scoring
[2023-06-03 15:38:43] [valid]   Hyp: Gerencia ojeporúva umi gente ko situación ikatu ojeike umi demanda en forma oposición péva economía pública ha oimehápe umi tapicha oñeikotevêva oñemotenondévo jave jave umi mbo'ehára ha ojogua haguã pe tenda en el en el en el en el en el en el en el en el en el en el en el en el en el en el en el en el en el en el en el en el en el en el en el en el en el en el en el en el en el en el en el en el en el en el en el en el en el en el en el en el en el en el en el en el en el en el en el en el en el en el en el en el en el en el en el en el en el en el en el en el en el en el en el en el en el en el en el en el en el en el en el en el en el en el en el en el en el en el en el en el en el en el en el en el en el en el en el en el en el en el en el en el en el en el en el en el en el en el en el en el en el en el en el en el en el en el en el en el en el en el en el en el en el en el en el
[2023-06-03 15:38:43] [valid]   Ref: <unk> ko tape heta perhuisio ojapóma umi oiporúva ko tape ha avei ho'a vai economía en <unk> área social ha integridad física tapicha oiporúva ko tape <unk> <unk> heta omanóma ha oî opytáva <unk> <unk> oñembyai <unk> mymba ha mercadería opáichagua <unk> orekóva sobrecosto tiempo ha plata transporte <unk> <unk> he'i nota ohaíva titular <unk> Luis <unk> secretario del <unk> Jorge <unk>
[2023-06-03 15:42:00] [valid] Ep. 81 : Up. 23727 : bleu : 1.8954 : new best
[2023-06-03 15:45:20] [valid] Ep. 81 : Up. 23727 : chrf : 22.6424 : new best
[2023-06-03 15:45:26] [valid] Ep. 81 : Up. 23727 : cross-entropy : 125.91 : stalled 9 times (last best: 82.5544)
[2023-06-03 15:45:33] [valid] Ep. 81 : Up. 23727 : perplexity : 4884.06 : stalled 9 times (last best: 262.175)
[2023-06-03 15:45:36] [valid] Ep. 81 : Up. 23727 : valid-script : 0 : stalled 9 times (last best: 0)
[2023-06-03 15:53:25] [valid] References contain unknown word, metric scores may be inaccurate
[2023-06-03 15:53:25] [valid] First sentence's tokens as scored:
[2023-06-03 15:53:25] [valid] DefaultVocab keeps original segments for scoring
[2023-06-03 15:53:25] [valid]   Hyp: Ko’ag̃aitéramo mitãnguéra ha umi tekove oimehápe ko situación ikatu haguã umi mitãrusu oïva en forma oimehápe ko'ã gente oñembyatýva omotenondévo jave hikuái ysyry guasu oikóva ha ojogua jave umi tekove oikóva ko'ã ára ha ohapy hikuái umi tetã ambuére osyrývo ha'eháicha umi tenda ha “ péicha umi mba'e oikóva umi ára ha hembiapópe ha ohapy hikuái umi rire ha “ péicha umi mba'e oikóva umi ára jave umi ára ha orekóva umi mba'e oikóva umi ára ha “ péicha umi mba'e oikóva umi ára ha “ oreko hikuái peteî eventual en el en el en el en en el en el en el en el en el en el en el en el en el en el en el en el en el en el en el en el en el en el en el en el en el en el en el en el en el en el en el en el en el en el en el en el en el en el en el en el en el en el en el en el en el en el en el en el en el en el en el en el en el en el en el en el en el en el en el en el en el en el en el en el en el en el en el en el en el en el en el en el en el en el en el en el en el en el en el en el en el en el en el en el en el en el
[2023-06-03 15:53:25] [valid]   Ref: <unk> ko tape heta perhuisio ojapóma umi oiporúva ko tape ha avei ho'a vai economía en <unk> área social ha integridad física tapicha oiporúva ko tape <unk> <unk> heta omanóma ha oî opytáva <unk> <unk> oñembyai <unk> mymba ha mercadería opáichagua <unk> orekóva sobrecosto tiempo ha plata transporte <unk> <unk> he'i nota ohaíva titular <unk> Luis <unk> secretario del <unk> Jorge <unk>
[2023-06-03 15:56:37] [valid] Ep. 91 : Up. 26693 : bleu : 1.83969 : stalled 1 times (last best: 1.8954)
[2023-06-03 15:59:54] [valid] Ep. 91 : Up. 26693 : chrf : 22.4725 : stalled 1 times (last best: 22.6424)
[2023-06-03 16:00:00] [valid] Ep. 91 : Up. 26693 : cross-entropy : 130.775 : stalled 10 times (last best: 82.5544)
[2023-06-03 16:00:06] [valid] Ep. 91 : Up. 26693 : perplexity : 6781.05 : stalled 10 times (last best: 262.175)
[2023-06-03 16:00:11] [valid] Ep. 91 : Up. 26693 : valid-script : 0 : stalled 10 times (last best: 0)
[2023-06-03 16:08:06] [valid] References contain unknown word, metric scores may be inaccurate
[2023-06-03 16:08:06] [valid] First sentence's tokens as scored:
[2023-06-03 16:08:06] [valid] DefaultVocab keeps original segments for scoring
[2023-06-03 16:08:06] [valid]   Hyp: Upéicha avei tecnología ha umi oiméva ko situación ikatu ojeike umi demanda en forma oposición péva economía pública orekóva campeonato ha omopyendáva umi tapicha particular oñembyaty hikuái omotenondévo jave umi tekove públicas ha'éva ko'ã ára carretera rógape ha umi téra omba'apóva en el en el en el en el en el en el en el en el en el en el en el en el en el en el en el en el en el en el en el en el en el en el en el en el en el en el en el en el en el en el en el en el en el en el en el en el en el en el en el en el en el en el en el en el en el en el en el en el en el en el en el en el en el en el en el en el en el en el en el en el en el en el en el en el en el en el en el en el en el en el en el en el en el en el en el en el en el en el en el en el en el en el en el en el en el en el en el en el en el en el en el en el en el en el en el en el en el en el en el en el en el en el en el en el en el en el en el en el en el en el
[2023-06-03 16:08:06] [valid]   Ref: <unk> ko tape heta perhuisio ojapóma umi oiporúva ko tape ha avei ho'a vai economía en <unk> área social ha integridad física tapicha oiporúva ko tape <unk> <unk> heta omanóma ha oî opytáva <unk> <unk> oñembyai <unk> mymba ha mercadería opáichagua <unk> orekóva sobrecosto tiempo ha plata transporte <unk> <unk> he'i nota ohaíva titular <unk> Luis <unk> secretario del <unk> Jorge <unk>
[2023-06-03 16:11:19] [valid] Ep. 101 : Up. 29659 : bleu : 1.92927 : new best
[2023-06-03 16:14:37] [valid] Ep. 101 : Up. 29659 : chrf : 22.7971 : new best
[2023-06-03 16:14:43] [valid] Ep. 101 : Up. 29659 : cross-entropy : 134.686 : stalled 11 times (last best: 82.5544)
[2023-06-03 16:14:50] [valid] Ep. 101 : Up. 29659 : perplexity : 8828.46 : stalled 11 times (last best: 262.175)
[2023-06-03 16:14:53] [valid] Ep. 101 : Up. 29659 : valid-script : 0 : stalled 11 times (last best: 0)
[2023-06-03 16:16:03] [valid] References contain unknown word, metric scores may be inaccurate
[2023-06-03 16:16:03] [valid] First sentence's tokens as scored:
[2023-06-03 16:16:03] [valid] DefaultVocab keeps original segments for scoring
[2023-06-03 16:16:03] [valid]   Hyp: Ko’ag̃aitéramo mitãnguéra ha umi mba’e oikóva ko situación ikatu haguã umi demanda oïva en forma oîva en forma públicas péva ko'ã tendáre ha oimehápe umi oïva carretera Upépe ojapóva umi tekove rape ojejuhúva ko'ã táva guasu guasu rupi ha umi téra ojejapóva umi tenda upérõ aty guasu oïva jave ha “ péicha ikatu haguã oiméva en general táva guasu ha ojogua ysyry rehegua oiko jave ko'ã mba'e rehe ha upéva rupi máva ha oî rire umi mba’e vaiete aty ndive ojapóva umi tetã ha orekóva “ orekóva umi mba'e vai en general rupi ha umi mba'e ikatúva ojapóva en general rupi ha “ ojogua hikuái peteî ñe’ême oïva ha ko'ême gotyo oiko jave umi korapy ndive opytáva en sus en el péva en el en el en en el en en el en en el en en el en en el en en el en sus el en el en el el en sus el en el en el el en sus el en el en el el en en el en el el en el en el en sus el en el en el el en sus el en el en el el en sus el en el en el el en sus el en el en el el en sus el en el en el el en sus el en el en el el en sus el en el en el el en sus el en el en el el en sus el en el en el el en sus el en el en el en sus en el
[2023-06-03 16:16:03] [valid]   Ref: <unk> ko tape heta perhuisio ojapóma umi oiporúva ko tape ha avei ho'a vai economía en <unk> área social ha integridad física tapicha oiporúva ko tape <unk> <unk> heta omanóma ha oî opytáva <unk> <unk> oñembyai <unk> mymba ha mercadería opáichagua <unk> orekóva sobrecosto tiempo ha plata transporte <unk> <unk> he'i nota ohaíva titular <unk> Luis <unk> secretario del <unk> Jorge <unk>
[2023-06-03 16:18:49] [valid] Ep. 102 : Up. 30000 : bleu : 2.21837 : new best
[2023-06-03 16:21:40] [valid] Ep. 102 : Up. 30000 : chrf : 22.7974 : new best
[2023-06-03 16:21:46] [valid] Ep. 102 : Up. 30000 : cross-entropy : 136.827 : stalled 12 times (last best: 82.5544)
[2023-06-03 16:21:53] [valid] Ep. 102 : Up. 30000 : perplexity : 10200 : stalled 12 times (last best: 262.175)
[2023-06-03 16:21:56] [valid] Ep. 102 : Up. 30000 : valid-script : 0 : stalled 12 times (last best: 0)
[2023-06-03 16:31:35] [valid] Ep. 111 : Up. 32628 : bleu : 2.07796 : stalled 1 times (last best: 2.21837)
[2023-06-03 16:34:36] [valid] Ep. 111 : Up. 32628 : chrf : 22.6321 : stalled 1 times (last best: 22.7974)
[2023-06-03 16:34:43] [valid] Ep. 111 : Up. 32628 : cross-entropy : 139.338 : stalled 13 times (last best: 82.5544)
[2023-06-03 16:34:49] [valid] Ep. 111 : Up. 32628 : perplexity : 12083 : stalled 13 times (last best: 262.175)
[2023-06-03 16:34:53] [valid] Ep. 111 : Up. 32628 : valid-script : 0 : stalled 13 times (last best: 0)
[2023-06-03 16:42:42] [valid] References contain unknown word, metric scores may be inaccurate
[2023-06-03 16:42:42] [valid] First sentence's tokens as scored:
[2023-06-03 16:42:42] [valid] DefaultVocab keeps original segments for scoring
[2023-06-03 16:42:42] [valid]   Hyp: Ko’ag̃aitéramo mbo’ehao ojejuhu umi gente ko situación ikatu haguã operhudika umi tenda añonte péva oîgui gente social rupive ha orekóva formación de las instituciones que componen el tape rehe oñembyatýva ysyry guasu ohasa pública opytáva omotenondévo umi tekove omba'apóva omotenondévo en el mundo péva ogueroguatáva hikuái 20:00 aravo peve oiko jave ko'ã tendáre ha ojogua ysyry rehegua oiko jave ko'ã mba'e rehe ha ojogua rire umi oikóva ko’ã aty guasu oikóva hikuái ko'ã ára ha upévare oiko umi aty guasu oikóva hikuái 10:00 aravo jave ha ojogua ysyry rehegua oiko jave ko'ã tendáre ha ojogua ysyry rehegua oiko jave ko'ã tendáre ha ojogua ysyry rehegua oiko jave ko'ã mba'e ohóvape ha umi téra ha ohapy hikuái ko'ã ára ohóvape Paraguáipe ha oî rire umi korapy guasu aty guasu oiko jave ko'ã mba'e rehe ha ojogua rire umi korapy guasu aty guasu péva oñondive en el péva a el en el en el en sus en sus péva en el ysyry rehegua oĩ jave umi orekóva campeonato jeporúpe umi mba'e rehe oguerohorývo ysyry rehegua oiko jave ko'ã mba'e ohóvape ha umi téra ha ohapy hikuái ko'ã ára ohóvape Paraguáipe ha oî rire umi korapy guasu aty guasu oiko jave ko'ã mba'e rehe ha umi téra ha ohapy hikuái péva peve oïgui ko'ã mba'e aty guasu oïva korapy guasu oiko jave ko'ã mba'e rehe ha umi téra ha ohapy hikuái péva peve oïgui ko'ã mba'e ohóvape umi korapy guasu rupi ha umi téra ha ohapy hikuái péva peve oïgui ko'ã mba'e ohóvape umi korapy guasu oikóva Paraguaýpe umi korapy guasu rupi ha umi
[2023-06-03 16:42:42] [valid]   Ref: <unk> ko tape heta perhuisio ojapóma umi oiporúva ko tape ha avei ho'a vai economía en <unk> área social ha integridad física tapicha oiporúva ko tape <unk> <unk> heta omanóma ha oî opytáva <unk> <unk> oñembyai <unk> mymba ha mercadería opáichagua <unk> orekóva sobrecosto tiempo ha plata transporte <unk> <unk> he'i nota ohaíva titular <unk> Luis <unk> secretario del <unk> Jorge <unk>
[2023-06-03 16:45:47] [valid] Ep. 121 : Up. 35593 : bleu : 1.96003 : stalled 2 times (last best: 2.21837)
[2023-06-03 16:48:58] [valid] Ep. 121 : Up. 35593 : chrf : 22.6105 : stalled 2 times (last best: 22.7974)
[2023-06-03 16:49:04] [valid] Ep. 121 : Up. 35593 : cross-entropy : 142.109 : stalled 14 times (last best: 82.5544)
[2023-06-03 16:49:11] [valid] Ep. 121 : Up. 35593 : perplexity : 14566.3 : stalled 14 times (last best: 262.175)
[2023-06-03 16:49:15] [valid] Ep. 121 : Up. 35593 : valid-script : 0 : stalled 14 times (last best: 0)
[2023-06-03 16:57:00] [valid] References contain unknown word, metric scores may be inaccurate
[2023-06-03 16:57:00] [valid] First sentence's tokens as scored:
[2023-06-03 16:57:00] [valid] DefaultVocab keeps original segments for scoring
[2023-06-03 16:57:00] [valid]   Hyp: Ko’ag̃aitéramo ñemyesakãme ha umi ome’ê ko situación ikatúva operhudika economía mba’asy oîva mba’asy ha mitãkuña gente oñembyatýva ysyry guasu rupi ha umi ojeguerohory ha umi tenda carretera oúvo ko’ã ára jave ha upéva rehe amo Cabildo vai ou jave hikuái ysyry guasu oikóva jave ko'ã ára ha “ hikuái umi mba’e oikóva España ha oho en el mba'e en el en el en el en el en el en el en el en el en el en el en el en el en el en el en el en el en el en el en el en el en el en el en el en el en el en el en el en el en el en el en el en el en el en el en el en el en el en el en el en el en el en el en el en el en el en el en el en el en el en el en el en el en el en el en el en el en el en el en el en el en el en el en el en el en el sus el en el en el en el en el en el en el en el en el en el en el en el en el en el en el en el en el en el en el en el en el en el en el en el en el en el en el en el en el en el en el en el en el en el en el en el en
[2023-06-03 16:57:00] [valid]   Ref: <unk> ko tape heta perhuisio ojapóma umi oiporúva ko tape ha avei ho'a vai economía en <unk> área social ha integridad física tapicha oiporúva ko tape <unk> <unk> heta omanóma ha oî opytáva <unk> <unk> oñembyai <unk> mymba ha mercadería opáichagua <unk> orekóva sobrecosto tiempo ha plata transporte <unk> <unk> he'i nota ohaíva titular <unk> Luis <unk> secretario del <unk> Jorge <unk>
[2023-06-03 16:59:57] [valid] Ep. 131 : Up. 38558 : bleu : 2.04822 : stalled 3 times (last best: 2.21837)
[2023-06-03 17:02:59] [valid] Ep. 131 : Up. 38558 : chrf : 22.7216 : stalled 3 times (last best: 22.7974)
[2023-06-03 17:03:05] [valid] Ep. 131 : Up. 38558 : cross-entropy : 144.827 : stalled 15 times (last best: 82.5544)
[2023-06-03 17:03:11] [valid] Ep. 131 : Up. 38558 : perplexity : 17498.1 : stalled 15 times (last best: 262.175)
[2023-06-03 17:03:15] [valid] Ep. 131 : Up. 38558 : valid-script : 0 : stalled 15 times (last best: 0)
[2023-06-03 17:07:12] [valid] References contain unknown word, metric scores may be inaccurate
[2023-06-03 17:07:13] [valid] First sentence's tokens as scored:
[2023-06-03 17:07:13] [valid] DefaultVocab keeps original segments for scoring
[2023-06-03 17:07:13] [valid]   Hyp: Upéicha mitãnguéra ha umi mba’e oikóva ko situación ikatu haguã umi contribuyente oîva en forma en forma en forma social en forma oîva ko’ã mbo'ehao paraguayo ha'éva ko'êrõ jave umi tapicha tohasa hóga rehe ha umi mba’e oikóva umi techapyrã ha umi mba’e oikóva umi techapyrã ha ojogua ysyry guasúpe oiko jave ko'ã mba'e vaiete aty ndive oiko jave ha umi mba'e ojejapóva umi techapyrã ha umi mba’e oikóva ysyry rehegua oiko jave umi mba'e oúvape héra umi mba'e oikóva héra ha umi mba'e oúvape héra umi mba’e vaiete aty guasu oiko jave umi korapy guasu rupi ha umi mba'e ojejapóva umi mba'e vai aty guasu oiko jave ha umi mba'e oikóva umi korapy guasu oikóva ha umi mba’e ndive héra umi mba'e vaiete aty guasu oiko jave ko'ã mba'e rehe ha umi téra mombyry oïva ysyry rehegua oiko jave umi korapy ndive rupi ha umi mba'e ojejapóva umi arýpe ha oreko hikuái umi mba'e ko’ã aty vaiete oikóva ha umi téra ha ohapy hikuái ko'ã ára ohóvape ha umi mba’e ndive héra umi mba'e vaiete aty guasu oiko jave ko'ã mba'e rehe ha umi téra héra umi mba'e ndive héra ha “ ojogua jave umi oikóva ko’ã aty guasu oiko jave ko'ã mba'e ohóvape ha umi mba'e oúvape héra umi mba’e vaiete aty guasu oiko jave ko'ã mba'e rehe ha umi téra mombyry oïva ysyry rehegua oiko jave umi aty ndive
[2023-06-03 17:07:13] [valid]   Ref: <unk> ko tape heta perhuisio ojapóma umi oiporúva ko tape ha avei ho'a vai economía en <unk> área social ha integridad física tapicha oiporúva ko tape <unk> <unk> heta omanóma ha oî opytáva <unk> <unk> oñembyai <unk> mymba ha mercadería opáichagua <unk> orekóva sobrecosto tiempo ha plata transporte <unk> <unk> he'i nota ohaíva titular <unk> Luis <unk> secretario del <unk> Jorge <unk>
[2023-06-03 17:10:26] [valid] Ep. 135 : Up. 40000 : bleu : 1.86346 : stalled 4 times (last best: 2.21837)
[2023-06-03 17:13:47] [valid] Ep. 135 : Up. 40000 : chrf : 22.2972 : stalled 4 times (last best: 22.7974)
[2023-06-03 17:13:54] [valid] Ep. 135 : Up. 40000 : cross-entropy : 145.534 : stalled 16 times (last best: 82.5544)
[2023-06-03 17:14:00] [valid] Ep. 135 : Up. 40000 : perplexity : 18352.2 : stalled 16 times (last best: 262.175)
[2023-06-03 17:14:03] [valid] Ep. 135 : Up. 40000 : valid-script : 0 : stalled 16 times (last best: 0)
[2023-06-03 17:20:52] [valid] Ep. 141 : Up. 41524 : bleu : 2.16054 : stalled 5 times (last best: 2.21837)
[2023-06-03 17:23:50] [valid] Ep. 141 : Up. 41524 : chrf : 23.3253 : new best
[2023-06-03 17:23:57] [valid] Ep. 141 : Up. 41524 : cross-entropy : 146.819 : stalled 17 times (last best: 82.5544)
[2023-06-03 17:24:03] [valid] Ep. 141 : Up. 41524 : perplexity : 20014.3 : stalled 17 times (last best: 262.175)
[2023-06-03 17:24:06] [valid] Ep. 141 : Up. 41524 : valid-script : 0 : stalled 17 times (last best: 0)
[2023-06-03 17:31:56] [valid] References contain unknown word, metric scores may be inaccurate
[2023-06-03 17:31:56] [valid] First sentence's tokens as scored:
[2023-06-03 17:31:56] [valid] DefaultVocab keeps original segments for scoring
[2023-06-03 17:31:56] [valid]   Hyp: Upéicha mitãnguéra ha umi mba'e ohasáva ko situación oikotevêva umi gente añonte orekóva oîgui tape rehe péva gente oñembyatýva ha oimehápe hikuái umi tapicha particular oñembyaty hikuái omotenondévo hikuái ha oho tetã ambuére representación Paraguaýpe ha upévare oiko umi aty mombyry oïva Paraguáipe opytáva jave ha umi korapy guasu aty guasu oiko jave ha umi mba’e oikóva umi mba'e vaiete oikóva ha umi arýpe al retãpy rehe umi oikóva Paraguaýpe ha umi téra mombyry oïva ysyry rehegua oiko jave umi arýpe ha upévare oiko jave umi korapy guasu aty guasu oiko jave ko'ã mba'e rehe ha umi korapy guasúpe aty ha péva hikuái umi mburuvicha guasu aja ha umi téra ha ohapy hikuái ko'ã ára ohóvape Paraguay ha péva oñondive umi omohu'ãvo en peligro umi en peligro umi korapy guasúpe oiko jave umi mba'e rehe ha pirapire oĩva’ekue péva general Paraguaýpe ha upévare oiko jave umi mba’e ha ko'ême ha ojogua ysyry rehegua oiko jave umi mba’e ha orekóva umi encuentro en peligro umi tekombo'e ndive oiko jave ko'ã mba'e ndive opytáva ha péva Paraguaýpe héra umi mba'e vaiete oiko jave umi mbo'ehaovusu ha hembiapópe oñondive en en sus en en el en sus en sus en sus el en sus en sus en sus en sus en sus el en sus en sus en sus en sus el en sus el en en el en en el en sus el en sus el en sus el en el política rehegua oiko jave ko'ã ára ha ko'ême ha oreko hikuái umi encuentro en sus en sus en sus en sus en
[2023-06-03 17:31:56] [valid]   Ref: <unk> ko tape heta perhuisio ojapóma umi oiporúva ko tape ha avei ho'a vai economía en <unk> área social ha integridad física tapicha oiporúva ko tape <unk> <unk> heta omanóma ha oî opytáva <unk> <unk> oñembyai <unk> mymba ha mercadería opáichagua <unk> orekóva sobrecosto tiempo ha plata transporte <unk> <unk> he'i nota ohaíva titular <unk> Luis <unk> secretario del <unk> Jorge <unk>
[2023-06-03 17:35:08] [valid] Ep. 151 : Up. 44493 : bleu : 1.9672 : stalled 6 times (last best: 2.21837)
[2023-06-03 17:38:22] [valid] Ep. 151 : Up. 44493 : chrf : 22.6051 : stalled 1 times (last best: 23.3253)
[2023-06-03 17:38:28] [valid] Ep. 151 : Up. 44493 : cross-entropy : 147.843 : stalled 18 times (last best: 82.5544)
[2023-06-03 17:38:35] [valid] Ep. 151 : Up. 44493 : perplexity : 21445.5 : stalled 18 times (last best: 262.175)
[2023-06-03 17:38:38] [valid] Ep. 151 : Up. 44493 : valid-script : 0 : stalled 18 times (last best: 0)
