[2023-07-14 08:49:11] [marian] Marian v1.11.0 f00d062 2022-02-08 08:39:24 -0800
[2023-07-14 08:49:11] [marian] Running on node23.datos.cluster.uy as process 37102 with command line:
[2023-07-14 08:49:11] [marian] /marian/build/marian --train-sets /docker/home/marianmt/artifacts/data/train/train_gn.txt.gn /docker/home/marianmt/artifacts/data/train/train_es.txt.es --model /docker/home/marianmt/artifacts/models/model_gn_es_july_transformer_cpu_nodenode23_fp16/gn_es_july_transformer_cpu_nodenode23_fp16.npz --after-epochs 10 --valid-freq 50000000 --vocabs /docker/home/marianmt/artifacts/data/vocabulary/gn_unique_tokens.txt.gn /docker/home/marianmt/artifacts/data/vocabulary/es_unique_tokens.txt.es --seed 1234 --type transformer --cpu-threads 0 --log /docker/home/marianmt/logs/marian/log_gn_es_july_transformer_cpu_nodenode23_fp16.log --valid-log /docker/home/marianmt/logs/marian/valid_log_gn_es_july_transformer_cpu_nodenode23_fp16.log --valid-sets /docker/home/marianmt/artifacts/data/validation/valid_gn.txt.gn /docker/home/marianmt/artifacts/data/validation/valid_es.txt.es --valid-metrics cross-entropy translation --valid-translation-output /docker/home/marianmt/evaluation/decoded-transformer-gn-es.txt --quiet-translation --overwrite
[2023-07-14 08:49:11] [config] after: 0e
[2023-07-14 08:49:11] [config] after-batches: 0
[2023-07-14 08:49:11] [config] after-epochs: 10
[2023-07-14 08:49:11] [config] all-caps-every: 0
[2023-07-14 08:49:11] [config] allow-unk: false
[2023-07-14 08:49:11] [config] authors: false
[2023-07-14 08:49:11] [config] beam-size: 12
[2023-07-14 08:49:11] [config] bert-class-symbol: "[CLS]"
[2023-07-14 08:49:11] [config] bert-mask-symbol: "[MASK]"
[2023-07-14 08:49:11] [config] bert-masking-fraction: 0.15
[2023-07-14 08:49:11] [config] bert-sep-symbol: "[SEP]"
[2023-07-14 08:49:11] [config] bert-train-type-embeddings: true
[2023-07-14 08:49:11] [config] bert-type-vocab-size: 2
[2023-07-14 08:49:11] [config] build-info: ""
[2023-07-14 08:49:11] [config] check-gradient-nan: false
[2023-07-14 08:49:11] [config] check-nan: false
[2023-07-14 08:49:11] [config] cite: false
[2023-07-14 08:49:11] [config] clip-norm: 1
[2023-07-14 08:49:11] [config] cost-scaling:
[2023-07-14 08:49:11] [config]   []
[2023-07-14 08:49:11] [config] cost-type: ce-sum
[2023-07-14 08:49:11] [config] cpu-threads: 0
[2023-07-14 08:49:11] [config] data-threads: 8
[2023-07-14 08:49:11] [config] data-weighting: ""
[2023-07-14 08:49:11] [config] data-weighting-type: sentence
[2023-07-14 08:49:11] [config] dec-cell: gru
[2023-07-14 08:49:11] [config] dec-cell-base-depth: 2
[2023-07-14 08:49:11] [config] dec-cell-high-depth: 1
[2023-07-14 08:49:11] [config] dec-depth: 1
[2023-07-14 08:49:11] [config] devices:
[2023-07-14 08:49:11] [config]   - 0
[2023-07-14 08:49:11] [config] dim-emb: 512
[2023-07-14 08:49:11] [config] dim-rnn: 1024
[2023-07-14 08:49:11] [config] dim-vocabs:
[2023-07-14 08:49:11] [config]   - 0
[2023-07-14 08:49:11] [config]   - 0
[2023-07-14 08:49:11] [config] disp-first: 0
[2023-07-14 08:49:11] [config] disp-freq: 1000u
[2023-07-14 08:49:11] [config] disp-label-counts: true
[2023-07-14 08:49:11] [config] dropout-rnn: 0
[2023-07-14 08:49:11] [config] dropout-src: 0
[2023-07-14 08:49:11] [config] dropout-trg: 0
[2023-07-14 08:49:11] [config] dump-config: ""
[2023-07-14 08:49:11] [config] dynamic-gradient-scaling:
[2023-07-14 08:49:11] [config]   []
[2023-07-14 08:49:11] [config] early-stopping: 10
[2023-07-14 08:49:11] [config] early-stopping-on: first
[2023-07-14 08:49:11] [config] embedding-fix-src: false
[2023-07-14 08:49:11] [config] embedding-fix-trg: false
[2023-07-14 08:49:11] [config] embedding-normalization: false
[2023-07-14 08:49:11] [config] embedding-vectors:
[2023-07-14 08:49:11] [config]   []
[2023-07-14 08:49:11] [config] enc-cell: gru
[2023-07-14 08:49:11] [config] enc-cell-depth: 1
[2023-07-14 08:49:11] [config] enc-depth: 1
[2023-07-14 08:49:11] [config] enc-type: bidirectional
[2023-07-14 08:49:11] [config] english-title-case-every: 0
[2023-07-14 08:49:11] [config] exponential-smoothing: 0
[2023-07-14 08:49:11] [config] factor-weight: 1
[2023-07-14 08:49:11] [config] factors-combine: sum
[2023-07-14 08:49:11] [config] factors-dim-emb: 0
[2023-07-14 08:49:11] [config] gradient-checkpointing: false
[2023-07-14 08:49:11] [config] gradient-norm-average-window: 100
[2023-07-14 08:49:11] [config] guided-alignment: none
[2023-07-14 08:49:11] [config] guided-alignment-cost: mse
[2023-07-14 08:49:11] [config] guided-alignment-weight: 0.1
[2023-07-14 08:49:11] [config] ignore-model-config: false
[2023-07-14 08:49:11] [config] input-types:
[2023-07-14 08:49:11] [config]   []
[2023-07-14 08:49:11] [config] interpolate-env-vars: false
[2023-07-14 08:49:11] [config] keep-best: false
[2023-07-14 08:49:11] [config] label-smoothing: 0
[2023-07-14 08:49:11] [config] layer-normalization: false
[2023-07-14 08:49:11] [config] learn-rate: 0.0001
[2023-07-14 08:49:11] [config] lemma-dependency: ""
[2023-07-14 08:49:11] [config] lemma-dim-emb: 0
[2023-07-14 08:49:11] [config] log: /docker/home/marianmt/logs/marian/log_gn_es_july_transformer_cpu_nodenode23_fp16.log
[2023-07-14 08:49:11] [config] log-level: info
[2023-07-14 08:49:11] [config] log-time-zone: ""
[2023-07-14 08:49:11] [config] logical-epoch:
[2023-07-14 08:49:11] [config]   - 1e
[2023-07-14 08:49:11] [config]   - 0
[2023-07-14 08:49:11] [config] lr-decay: 0
[2023-07-14 08:49:11] [config] lr-decay-freq: 50000
[2023-07-14 08:49:11] [config] lr-decay-inv-sqrt:
[2023-07-14 08:49:11] [config]   - 0
[2023-07-14 08:49:11] [config] lr-decay-repeat-warmup: false
[2023-07-14 08:49:11] [config] lr-decay-reset-optimizer: false
[2023-07-14 08:49:11] [config] lr-decay-start:
[2023-07-14 08:49:11] [config]   - 10
[2023-07-14 08:49:11] [config]   - 1
[2023-07-14 08:49:11] [config] lr-decay-strategy: epoch+stalled
[2023-07-14 08:49:11] [config] lr-report: false
[2023-07-14 08:49:11] [config] lr-warmup: 0
[2023-07-14 08:49:11] [config] lr-warmup-at-reload: false
[2023-07-14 08:49:11] [config] lr-warmup-cycle: false
[2023-07-14 08:49:11] [config] lr-warmup-start-rate: 0
[2023-07-14 08:49:11] [config] max-length: 50
[2023-07-14 08:49:11] [config] max-length-crop: false
[2023-07-14 08:49:11] [config] max-length-factor: 3
[2023-07-14 08:49:11] [config] maxi-batch: 100
[2023-07-14 08:49:11] [config] maxi-batch-sort: trg
[2023-07-14 08:49:11] [config] mini-batch: 64
[2023-07-14 08:49:11] [config] mini-batch-fit: false
[2023-07-14 08:49:11] [config] mini-batch-fit-step: 10
[2023-07-14 08:49:11] [config] mini-batch-round-up: true
[2023-07-14 08:49:11] [config] mini-batch-track-lr: false
[2023-07-14 08:49:11] [config] mini-batch-warmup: 0
[2023-07-14 08:49:11] [config] mini-batch-words: 0
[2023-07-14 08:49:11] [config] mini-batch-words-ref: 0
[2023-07-14 08:49:11] [config] model: /docker/home/marianmt/artifacts/models/model_gn_es_july_transformer_cpu_nodenode23_fp16/gn_es_july_transformer_cpu_nodenode23_fp16.npz
[2023-07-14 08:49:11] [config] multi-loss-type: sum
[2023-07-14 08:49:11] [config] n-best: false
[2023-07-14 08:49:11] [config] no-nccl: false
[2023-07-14 08:49:11] [config] no-reload: false
[2023-07-14 08:49:11] [config] no-restore-corpus: false
[2023-07-14 08:49:11] [config] normalize: 0
[2023-07-14 08:49:11] [config] normalize-gradient: false
[2023-07-14 08:49:11] [config] num-devices: 0
[2023-07-14 08:49:11] [config] optimizer: adam
[2023-07-14 08:49:11] [config] optimizer-delay: 1
[2023-07-14 08:49:11] [config] optimizer-params:
[2023-07-14 08:49:11] [config]   []
[2023-07-14 08:49:11] [config] output-omit-bias: false
[2023-07-14 08:49:11] [config] overwrite: true
[2023-07-14 08:49:11] [config] precision:
[2023-07-14 08:49:11] [config]   - float32
[2023-07-14 08:49:11] [config]   - float32
[2023-07-14 08:49:11] [config] pretrained-model: ""
[2023-07-14 08:49:11] [config] quantize-biases: false
[2023-07-14 08:49:11] [config] quantize-bits: 0
[2023-07-14 08:49:11] [config] quantize-log-based: false
[2023-07-14 08:49:11] [config] quantize-optimization-steps: 0
[2023-07-14 08:49:11] [config] quiet: false
[2023-07-14 08:49:11] [config] quiet-translation: true
[2023-07-14 08:49:11] [config] relative-paths: false
[2023-07-14 08:49:11] [config] right-left: false
[2023-07-14 08:49:11] [config] save-freq: 10000u
[2023-07-14 08:49:11] [config] seed: 1234
[2023-07-14 08:49:11] [config] sentencepiece-alphas:
[2023-07-14 08:49:11] [config]   []
[2023-07-14 08:49:11] [config] sentencepiece-max-lines: 2000000
[2023-07-14 08:49:11] [config] sentencepiece-options: ""
[2023-07-14 08:49:11] [config] sharding: global
[2023-07-14 08:49:11] [config] shuffle: data
[2023-07-14 08:49:11] [config] shuffle-in-ram: false
[2023-07-14 08:49:11] [config] sigterm: save-and-exit
[2023-07-14 08:49:11] [config] skip: false
[2023-07-14 08:49:11] [config] sqlite: ""
[2023-07-14 08:49:11] [config] sqlite-drop: false
[2023-07-14 08:49:11] [config] sync-freq: 200u
[2023-07-14 08:49:11] [config] sync-sgd: false
[2023-07-14 08:49:11] [config] tempdir: /tmp
[2023-07-14 08:49:11] [config] tied-embeddings: false
[2023-07-14 08:49:11] [config] tied-embeddings-all: false
[2023-07-14 08:49:11] [config] tied-embeddings-src: false
[2023-07-14 08:49:11] [config] train-embedder-rank:
[2023-07-14 08:49:11] [config]   []
[2023-07-14 08:49:11] [config] train-sets:
[2023-07-14 08:49:11] [config]   - /docker/home/marianmt/artifacts/data/train/train_gn.txt.gn
[2023-07-14 08:49:11] [config]   - /docker/home/marianmt/artifacts/data/train/train_es.txt.es
[2023-07-14 08:49:11] [config] transformer-aan-activation: swish
[2023-07-14 08:49:11] [config] transformer-aan-depth: 2
[2023-07-14 08:49:11] [config] transformer-aan-nogate: false
[2023-07-14 08:49:11] [config] transformer-decoder-autoreg: self-attention
[2023-07-14 08:49:11] [config] transformer-decoder-dim-ffn: 0
[2023-07-14 08:49:11] [config] transformer-decoder-ffn-depth: 0
[2023-07-14 08:49:11] [config] transformer-depth-scaling: false
[2023-07-14 08:49:11] [config] transformer-dim-aan: 2048
[2023-07-14 08:49:11] [config] transformer-dim-ffn: 2048
[2023-07-14 08:49:11] [config] transformer-dropout: 0
[2023-07-14 08:49:11] [config] transformer-dropout-attention: 0
[2023-07-14 08:49:11] [config] transformer-dropout-ffn: 0
[2023-07-14 08:49:11] [config] transformer-ffn-activation: swish
[2023-07-14 08:49:11] [config] transformer-ffn-depth: 2
[2023-07-14 08:49:11] [config] transformer-guided-alignment-layer: last
[2023-07-14 08:49:11] [config] transformer-heads: 8
[2023-07-14 08:49:11] [config] transformer-no-projection: false
[2023-07-14 08:49:11] [config] transformer-pool: false
[2023-07-14 08:49:11] [config] transformer-postprocess: dan
[2023-07-14 08:49:11] [config] transformer-postprocess-emb: d
[2023-07-14 08:49:11] [config] transformer-postprocess-top: ""
[2023-07-14 08:49:11] [config] transformer-preprocess: ""
[2023-07-14 08:49:11] [config] transformer-tied-layers:
[2023-07-14 08:49:11] [config]   []
[2023-07-14 08:49:11] [config] transformer-train-position-embeddings: false
[2023-07-14 08:49:11] [config] tsv: false
[2023-07-14 08:49:11] [config] tsv-fields: 0
[2023-07-14 08:49:11] [config] type: transformer
[2023-07-14 08:49:11] [config] ulr: false
[2023-07-14 08:49:11] [config] ulr-dim-emb: 0
[2023-07-14 08:49:11] [config] ulr-dropout: 0
[2023-07-14 08:49:11] [config] ulr-keys-vectors: ""
[2023-07-14 08:49:11] [config] ulr-query-vectors: ""
[2023-07-14 08:49:11] [config] ulr-softmax-temperature: 1
[2023-07-14 08:49:11] [config] ulr-trainable-transformation: false
[2023-07-14 08:49:11] [config] unlikelihood-loss: false
[2023-07-14 08:49:11] [config] valid-freq: 50000000
[2023-07-14 08:49:11] [config] valid-log: /docker/home/marianmt/logs/marian/valid_log_gn_es_july_transformer_cpu_nodenode23_fp16.log
[2023-07-14 08:49:11] [config] valid-max-length: 1000
[2023-07-14 08:49:11] [config] valid-metrics:
[2023-07-14 08:49:11] [config]   - cross-entropy
[2023-07-14 08:49:11] [config]   - translation
[2023-07-14 08:49:11] [config] valid-mini-batch: 32
[2023-07-14 08:49:11] [config] valid-reset-stalled: false
[2023-07-14 08:49:11] [config] valid-script-args:
[2023-07-14 08:49:11] [config]   []
[2023-07-14 08:49:11] [config] valid-script-path: ""
[2023-07-14 08:49:11] [config] valid-sets:
[2023-07-14 08:49:11] [config]   - /docker/home/marianmt/artifacts/data/validation/valid_gn.txt.gn
[2023-07-14 08:49:11] [config]   - /docker/home/marianmt/artifacts/data/validation/valid_es.txt.es
[2023-07-14 08:49:11] [config] valid-translation-output: /docker/home/marianmt/evaluation/decoded-transformer-gn-es.txt
[2023-07-14 08:49:11] [config] vocabs:
[2023-07-14 08:49:11] [config]   - /docker/home/marianmt/artifacts/data/vocabulary/gn_unique_tokens.txt.gn
[2023-07-14 08:49:11] [config]   - /docker/home/marianmt/artifacts/data/vocabulary/es_unique_tokens.txt.es
[2023-07-14 08:49:11] [config] word-penalty: 0
[2023-07-14 08:49:11] [config] word-scores: false
[2023-07-14 08:49:11] [config] workspace: 2048
[2023-07-14 08:49:11] [config] Model is being created with Marian v1.11.0 f00d062 2022-02-08 08:39:24 -0800
[2023-07-14 08:49:11] [MPI rank 0 out of 1]: GPU[0]
[2023-07-14 08:49:11] [training] Using single-device training
[2023-07-14 08:49:12] Synced seed 1234
[2023-07-14 08:49:12] [data] Loading vocabulary from text file /docker/home/marianmt/artifacts/data/vocabulary/gn_unique_tokens.txt.gn
[2023-07-14 08:49:12] [data] Setting vocabulary size for input 0 to 54,042
[2023-07-14 08:49:12] [data] Loading vocabulary from text file /docker/home/marianmt/artifacts/data/vocabulary/es_unique_tokens.txt.es
[2023-07-14 08:49:12] [data] Setting vocabulary size for input 1 to 36,507
[2023-07-14 08:49:12] [valid] No post-processing script given for validating translator
[2023-07-14 08:49:12] [MPI rank 0 out of 1]: GPU[0]
